[2019-03-14T22:22:15.078] [DEBUG] default - Route for index found
[2019-03-14T22:22:15.096] [DEBUG] default - Workouts:{ _id: 5c8ac52d6b1ccd0b14f4a481,
  workout_name: 'MyFirstWorkout',
  workout_created_date: 'jetzt',
  __v: 0 }
[2019-03-14T22:22:27.788] [DEBUG] default - Route for index found
[2019-03-14T22:22:27.790] [DEBUG] default - Workouts:{ _id: 5c8ac52d6b1ccd0b14f4a481,
  workout_name: 'MyFirstWorkout',
  workout_created_date: 'jetzt',
  __v: 0 }
[2019-03-14T22:23:30.015] [DEBUG] default - workout Routes - Add
[2019-03-14T22:23:36.174] [DEBUG] default - Route for index found
[2019-03-14T22:23:36.176] [DEBUG] default - Workouts:{ _id: 5c8ac52d6b1ccd0b14f4a481,
  workout_name: 'MyFirstWorkout',
  workout_created_date: 'jetzt',
  __v: 0 },{ _id: 5c8ac652f556b9069c40f7fb,
  workout_name: 'SecondWorkout',
  workout_created_date: 'a bissl später',
  __v: 0 }
[2019-03-14T22:23:39.904] [DEBUG] default - Route for index found
[2019-03-14T22:23:39.906] [DEBUG] default - Workouts:{ _id: 5c8ac52d6b1ccd0b14f4a481,
  workout_name: 'MyFirstWorkout',
  workout_created_date: 'jetzt',
  __v: 0 },{ _id: 5c8ac652f556b9069c40f7fb,
  workout_name: 'SecondWorkout',
  workout_created_date: 'a bissl später',
  __v: 0 }
[2019-03-14T22:23:43.562] [DEBUG] default - Route for index found
[2019-03-14T22:23:43.565] [DEBUG] default - Workouts:{ _id: 5c8ac52d6b1ccd0b14f4a481,
  workout_name: 'MyFirstWorkout',
  workout_created_date: 'jetzt',
  __v: 0 },{ _id: 5c8ac652f556b9069c40f7fb,
  workout_name: 'SecondWorkout',
  workout_created_date: 'a bissl später',
  __v: 0 }
[2019-03-14T22:57:37.656] [DEBUG] default - Route for index found
[2019-03-14T22:57:37.658] [DEBUG] default - Workouts:{ _id: 5c8ac52d6b1ccd0b14f4a481,
  workout_name: 'MyFirstWorkout',
  workout_created_date: 'jetzt',
  __v: 0 },{ _id: 5c8ac652f556b9069c40f7fb,
  workout_name: 'SecondWorkout',
  workout_created_date: 'a bissl später',
  __v: 0 }
[2019-03-14T22:59:48.392] [DEBUG] default - Route for index found
[2019-03-14T22:59:48.393] [DEBUG] default - Workouts:{ _id: 5c8ac52d6b1ccd0b14f4a481,
  workout_name: 'MyFirstWorkout',
  workout_created_date: 'jetzt',
  __v: 0 },{ _id: 5c8ac652f556b9069c40f7fb,
  workout_name: 'SecondWorkout',
  workout_created_date: 'a bissl später',
  __v: 0 }
[2019-03-14T22:59:48.395] [DEBUG] default - Route for index found
[2019-03-14T22:59:48.397] [DEBUG] default - Workouts:{ _id: 5c8ac52d6b1ccd0b14f4a481,
  workout_name: 'MyFirstWorkout',
  workout_created_date: 'jetzt',
  __v: 0 },{ _id: 5c8ac652f556b9069c40f7fb,
  workout_name: 'SecondWorkout',
  workout_created_date: 'a bissl später',
  __v: 0 }
[2019-03-14T22:59:51.957] [DEBUG] default - Route for index found
[2019-03-14T22:59:51.959] [DEBUG] default - Workouts:{ _id: 5c8ac52d6b1ccd0b14f4a481,
  workout_name: 'MyFirstWorkout',
  workout_created_date: 'jetzt',
  __v: 0 },{ _id: 5c8ac652f556b9069c40f7fb,
  workout_name: 'SecondWorkout',
  workout_created_date: 'a bissl später',
  __v: 0 }
[2019-03-14T22:59:56.133] [DEBUG] default - Route for index found
[2019-03-14T22:59:56.135] [DEBUG] default - Workouts:{ _id: 5c8ac52d6b1ccd0b14f4a481,
  workout_name: 'MyFirstWorkout',
  workout_created_date: 'jetzt',
  __v: 0 },{ _id: 5c8ac652f556b9069c40f7fb,
  workout_name: 'SecondWorkout',
  workout_created_date: 'a bissl später',
  __v: 0 }
[2019-03-14T23:00:05.061] [DEBUG] default - Route for index found
[2019-03-14T23:00:05.062] [DEBUG] default - Workouts:{ _id: 5c8ac52d6b1ccd0b14f4a481,
  workout_name: 'MyFirstWorkout',
  workout_created_date: 'jetzt',
  __v: 0 },{ _id: 5c8ac652f556b9069c40f7fb,
  workout_name: 'SecondWorkout',
  workout_created_date: 'a bissl später',
  __v: 0 }
[2019-03-14T23:00:07.769] [DEBUG] default - Route for index found
[2019-03-14T23:00:07.771] [DEBUG] default - Workouts:{ _id: 5c8ac52d6b1ccd0b14f4a481,
  workout_name: 'MyFirstWorkout',
  workout_created_date: 'jetzt',
  __v: 0 },{ _id: 5c8ac652f556b9069c40f7fb,
  workout_name: 'SecondWorkout',
  workout_created_date: 'a bissl später',
  __v: 0 }
[2019-03-14T23:00:11.712] [DEBUG] default - Route for index found
[2019-03-14T23:00:11.713] [DEBUG] default - Workouts:{ _id: 5c8ac52d6b1ccd0b14f4a481,
  workout_name: 'MyFirstWorkout',
  workout_created_date: 'jetzt',
  __v: 0 },{ _id: 5c8ac652f556b9069c40f7fb,
  workout_name: 'SecondWorkout',
  workout_created_date: 'a bissl später',
  __v: 0 }
[2019-03-14T23:00:22.677] [DEBUG] default - Route for index found
[2019-03-14T23:00:22.680] [DEBUG] default - Workouts:{ _id: 5c8ac52d6b1ccd0b14f4a481,
  workout_name: 'MyFirstWorkout2',
  workout_created_date: 'jetzt',
  __v: 0 },{ _id: 5c8ac652f556b9069c40f7fb,
  workout_name: 'SecondWorkout',
  workout_created_date: 'a bissl später',
  __v: 0 }
[2019-03-14T23:02:05.972] [DEBUG] default - Route for index found
[2019-03-14T23:02:05.974] [DEBUG] default - Workouts:{ _id: 5c8ac52d6b1ccd0b14f4a481,
  workout_name: 'MyFirstWorkout2',
  workout_created_date: 'jetzt',
  __v: 0 },{ _id: 5c8ac652f556b9069c40f7fb,
  workout_name: 'SecondWorkout',
  workout_created_date: 'a bissl später',
  __v: 0 }
[2019-03-14T23:02:15.399] [DEBUG] default - Route for index found
[2019-03-14T23:02:15.400] [DEBUG] default - Workouts:{ _id: 5c8ac52d6b1ccd0b14f4a481,
  workout_name: 'MyFirstWorkout2',
  workout_created_date: 'jetzt',
  __v: 0 },{ _id: 5c8ac652f556b9069c40f7fb,
  workout_name: 'SecondWorkout',
  workout_created_date: 'a bissl später',
  __v: 0 }
[2019-03-14T23:02:37.009] [DEBUG] default - Route for index found
[2019-03-14T23:02:37.011] [DEBUG] default - Workouts:{ _id: 5c8ac52d6b1ccd0b14f4a481,
  workout_name: 'MyFirstWorkout2',
  workout_created_date: 'jetzt',
  __v: 0 },{ _id: 5c8ac652f556b9069c40f7fb,
  workout_name: 'SecondWorkout',
  workout_created_date: 'a bissl später',
  __v: 0 }
[2019-03-14T23:02:42.630] [DEBUG] default - Route for index found
[2019-03-14T23:02:42.632] [DEBUG] default - Workouts:{ _id: 5c8ac52d6b1ccd0b14f4a481,
  workout_name: 'MyFirstWorkout2',
  workout_created_date: 'jetzt',
  __v: 0 },{ _id: 5c8ac652f556b9069c40f7fb,
  workout_name: 'SecondWorkout',
  workout_created_date: 'a bissl später',
  __v: 0 }
[2019-03-14T23:02:48.846] [DEBUG] default - Route for index found
[2019-03-14T23:02:48.848] [DEBUG] default - Workouts:{ _id: 5c8ac52d6b1ccd0b14f4a481,
  workout_name: 'MyFirstWorkout2',
  workout_created_date: 'jetzt',
  __v: 0 },{ _id: 5c8ac652f556b9069c40f7fb,
  workout_name: 'SecondWorkout',
  workout_created_date: 'a bissl später',
  __v: 0 }
[2019-03-14T23:03:09.933] [DEBUG] default - Route for index found
[2019-03-14T23:03:09.935] [DEBUG] default - Workouts:{ _id: 5c8ac52d6b1ccd0b14f4a481,
  workout_name: 'MyFirstWorkout2',
  workout_created_date: 'jetzt',
  __v: 0 },{ _id: 5c8ac652f556b9069c40f7fb,
  workout_name: 'SecondWorkout',
  workout_created_date: 'a bissl später',
  __v: 0 }
[2019-03-14T23:19:45.737] [DEBUG] default - Route for index found
[2019-03-14T23:19:45.738] [DEBUG] default - Workouts:{ _id: 5c8ac52d6b1ccd0b14f4a481,
  workout_name: 'MyFirstWorkout2',
  workout_created_date: 'jetzt',
  __v: 0 },{ _id: 5c8ac652f556b9069c40f7fb,
  workout_name: 'SecondWorkout',
  workout_created_date: 'a bissl später',
  __v: 0 }
[2019-03-14T23:19:58.069] [DEBUG] default - workout Routes - Add
[2019-03-14T23:26:03.200] [DEBUG] default - Route for index found
[2019-03-14T23:26:03.202] [DEBUG] default - Workouts:{ _id: 5c8ac52d6b1ccd0b14f4a481,
  workout_name: 'MyFirstWorkout2',
  workout_created_date: 'jetzt',
  __v: 0 },{ _id: 5c8ac652f556b9069c40f7fb,
  workout_name: 'SecondWorkout',
  workout_created_date: 'a bissl später',
  __v: 0 },{ _id: 5c8ad38ef556b9069c40f7fc,
  workout_name: 'whos',
  workout_created_date: 'Digging',
  __v: 0 }
[2019-03-14T23:26:10.089] [DEBUG] default - Route for index found
[2019-03-14T23:26:10.091] [DEBUG] default - workout Routes - Add
[2019-03-14T23:26:10.094] [DEBUG] default - Workouts:{ _id: 5c8ac52d6b1ccd0b14f4a481,
  workout_name: 'MyFirstWorkout2',
  workout_created_date: 'jetzt',
  __v: 0 },{ _id: 5c8ac652f556b9069c40f7fb,
  workout_name: 'SecondWorkout',
  workout_created_date: 'a bissl später',
  __v: 0 },{ _id: 5c8ad38ef556b9069c40f7fc,
  workout_name: 'whos',
  workout_created_date: 'Digging',
  __v: 0 }
[2019-03-14T23:26:14.399] [DEBUG] default - Route for index found
[2019-03-14T23:26:14.401] [DEBUG] default - Workouts:{ _id: 5c8ac52d6b1ccd0b14f4a481,
  workout_name: 'MyFirstWorkout2',
  workout_created_date: 'jetzt',
  __v: 0 },{ _id: 5c8ac652f556b9069c40f7fb,
  workout_name: 'SecondWorkout',
  workout_created_date: 'a bissl später',
  __v: 0 },{ _id: 5c8ad38ef556b9069c40f7fc,
  workout_name: 'whos',
  workout_created_date: 'Digging',
  __v: 0 },{ _id: 5c8ad502f556b9069c40f7fd,
  workout_name: 'next',
  workout_created_date: 'one',
  __v: 0 }
[2019-03-14T23:26:53.297] [DEBUG] default - Route for index found
[2019-03-14T23:26:53.300] [DEBUG] default - Workouts:{ _id: 5c8ac52d6b1ccd0b14f4a481,
  workout_name: 'MyFirstWorkout2',
  workout_created_date: 'jetzt',
  __v: 0 },{ _id: 5c8ac652f556b9069c40f7fb,
  workout_name: 'SecondWorkout',
  workout_created_date: 'a bissl später',
  __v: 0 },{ _id: 5c8ad38ef556b9069c40f7fc,
  workout_name: 'whos it',
  workout_created_date: 'Digging',
  __v: 0 },{ _id: 5c8ad502f556b9069c40f7fd,
  workout_name: 'next',
  workout_created_date: 'one',
  __v: 0 }
[2019-03-14T23:27:01.572] [DEBUG] default - Route for index found
[2019-03-14T23:27:01.574] [DEBUG] default - Workouts:{ _id: 5c8ac52d6b1ccd0b14f4a481,
  workout_name: 'MyFirstWorkout2',
  workout_created_date: 'jetzt',
  __v: 0 },{ _id: 5c8ac652f556b9069c40f7fb,
  workout_name: 'SecondWorkout',
  workout_created_date: 'a bissl später',
  __v: 0 },{ _id: 5c8ad38ef556b9069c40f7fc,
  workout_name: 'whos it',
  workout_created_date: 'Digging',
  __v: 0 },{ _id: 5c8ad502f556b9069c40f7fd,
  workout_name: 'next',
  workout_created_date: 'one',
  __v: 0 }
[2019-03-14T23:27:06.920] [DEBUG] default - Route for index found
[2019-03-14T23:27:06.923] [DEBUG] default - Workouts:{ _id: 5c8ac52d6b1ccd0b14f4a481,
  workout_name: 'MyFirstWorkout2',
  workout_created_date: 'jetzt',
  __v: 0 },{ _id: 5c8ac652f556b9069c40f7fb,
  workout_name: 'SecondWorkout',
  workout_created_date: 'a bissl später',
  __v: 0 },{ _id: 5c8ad38ef556b9069c40f7fc,
  workout_name: 'whos its',
  workout_created_date: 'Digging',
  __v: 0 },{ _id: 5c8ad502f556b9069c40f7fd,
  workout_name: 'next',
  workout_created_date: 'one',
  __v: 0 }
[2019-03-14T23:41:45.541] [DEBUG] default - Route for index found
[2019-03-14T23:41:45.544] [DEBUG] default - Workouts:{ _id: 5c8ac52d6b1ccd0b14f4a481,
  workout_name: 'MyFirstWorkout2',
  workout_created_date: 'jetzt',
  __v: 0 },{ _id: 5c8ac652f556b9069c40f7fb,
  workout_name: 'SecondWorkout',
  workout_created_date: 'a bissl später',
  __v: 0 },{ _id: 5c8ad38ef556b9069c40f7fc,
  workout_name: 'whos its',
  workout_created_date: 'Digging',
  __v: 0 },{ _id: 5c8ad502f556b9069c40f7fd,
  workout_name: 'next',
  workout_created_date: 'one',
  __v: 0 }
[2019-03-14T23:41:52.622] [DEBUG] default - Route for index found
[2019-03-14T23:41:52.624] [DEBUG] default - Workouts:{ _id: 5c8ac52d6b1ccd0b14f4a481,
  workout_name: 'MyFirstWorkout2',
  workout_created_date: 'jetzt',
  __v: 0 },{ _id: 5c8ac652f556b9069c40f7fb,
  workout_name: 'SecondWorkout',
  workout_created_date: 'a bissl später',
  __v: 0 },{ _id: 5c8ad38ef556b9069c40f7fc,
  workout_name: 'whos its',
  workout_created_date: 'Digging',
  __v: 0 },{ _id: 5c8ad502f556b9069c40f7fd,
  workout_name: 'next',
  workout_created_date: 'one',
  __v: 0 }
[2019-03-14T23:42:12.513] [DEBUG] default - Route for delete workout found - id: 5c8ad38ef556b9069c40f7fc
[2019-03-14T23:42:12.522] [DEBUG] default - Route for index found
[2019-03-14T23:42:12.523] [DEBUG] default - Workouts:{ _id: 5c8ac52d6b1ccd0b14f4a481,
  workout_name: 'MyFirstWorkout2',
  workout_created_date: 'jetzt',
  __v: 0 },{ _id: 5c8ac652f556b9069c40f7fb,
  workout_name: 'SecondWorkout',
  workout_created_date: 'a bissl später',
  __v: 0 },{ _id: 5c8ad502f556b9069c40f7fd,
  workout_name: 'next',
  workout_created_date: 'one',
  __v: 0 }
[2019-03-14T23:42:19.746] [DEBUG] default - Route for index found
[2019-03-14T23:42:19.748] [DEBUG] default - Workouts:{ _id: 5c8ac52d6b1ccd0b14f4a481,
  workout_name: 'MyFirstWorkout2',
  workout_created_date: 'jetzt',
  __v: 0 },{ _id: 5c8ac652f556b9069c40f7fb,
  workout_name: 'SecondWorkout',
  workout_created_date: 'a bissl später',
  __v: 0 },{ _id: 5c8ad502f556b9069c40f7fd,
  workout_name: 'next',
  workout_created_date: 'one',
  __v: 0 }
[2019-03-14T23:42:23.600] [DEBUG] default - Route for index found
[2019-03-14T23:42:23.602] [DEBUG] default - Workouts:{ _id: 5c8ac52d6b1ccd0b14f4a481,
  workout_name: 'MyFirstWorkout2',
  workout_created_date: 'jetzt',
  __v: 0 },{ _id: 5c8ac652f556b9069c40f7fb,
  workout_name: 'SecondWorkout',
  workout_created_date: 'a bissl später',
  __v: 0 },{ _id: 5c8ad502f556b9069c40f7fd,
  workout_name: 'next',
  workout_created_date: 'one',
  __v: 0 }
[2019-03-14T23:42:25.895] [DEBUG] default - Route for index found
[2019-03-14T23:42:25.897] [DEBUG] default - Workouts:{ _id: 5c8ac52d6b1ccd0b14f4a481,
  workout_name: 'MyFirstWorkout2',
  workout_created_date: 'jetzt',
  __v: 0 },{ _id: 5c8ac652f556b9069c40f7fb,
  workout_name: 'SecondWorkout',
  workout_created_date: 'a bissl später',
  __v: 0 },{ _id: 5c8ad502f556b9069c40f7fd,
  workout_name: 'next',
  workout_created_date: 'one',
  __v: 0 }
[2019-03-14T23:42:32.119] [DEBUG] default - Route for index found
[2019-03-14T23:42:32.121] [DEBUG] default - Workouts:{ _id: 5c8ac52d6b1ccd0b14f4a481,
  workout_name: 'MyFirstWorkout2',
  workout_created_date: 'jetzt',
  __v: 0 },{ _id: 5c8ac652f556b9069c40f7fb,
  workout_name: 'SecondWorkout',
  workout_created_date: 'a bissl später',
  __v: 0 },{ _id: 5c8ad502f556b9069c40f7fd,
  workout_name: 'next',
  workout_created_date: 'one',
  __v: 0 }
[2019-03-14T23:42:34.654] [DEBUG] default - Route for index found
[2019-03-14T23:42:34.656] [DEBUG] default - Workouts:{ _id: 5c8ac52d6b1ccd0b14f4a481,
  workout_name: 'MyFirstWorkout2',
  workout_created_date: 'jetzt',
  __v: 0 },{ _id: 5c8ac652f556b9069c40f7fb,
  workout_name: 'SecondWorkout',
  workout_created_date: 'a bissl später',
  __v: 0 },{ _id: 5c8ad502f556b9069c40f7fd,
  workout_name: 'next',
  workout_created_date: 'one',
  __v: 0 }
[2019-03-14T23:42:35.893] [DEBUG] default - Route for index found
[2019-03-14T23:42:35.895] [DEBUG] default - Workouts:{ _id: 5c8ac52d6b1ccd0b14f4a481,
  workout_name: 'MyFirstWorkout2',
  workout_created_date: 'jetzt',
  __v: 0 },{ _id: 5c8ac652f556b9069c40f7fb,
  workout_name: 'SecondWorkout',
  workout_created_date: 'a bissl später',
  __v: 0 },{ _id: 5c8ad502f556b9069c40f7fd,
  workout_name: 'next',
  workout_created_date: 'one',
  __v: 0 }
[2019-03-14T23:42:36.647] [DEBUG] default - Route for index found
[2019-03-14T23:42:36.649] [DEBUG] default - Workouts:{ _id: 5c8ac52d6b1ccd0b14f4a481,
  workout_name: 'MyFirstWorkout2',
  workout_created_date: 'jetzt',
  __v: 0 },{ _id: 5c8ac652f556b9069c40f7fb,
  workout_name: 'SecondWorkout',
  workout_created_date: 'a bissl später',
  __v: 0 },{ _id: 5c8ad502f556b9069c40f7fd,
  workout_name: 'next',
  workout_created_date: 'one',
  __v: 0 }
[2019-03-14T23:42:37.408] [DEBUG] default - Route for index found
[2019-03-14T23:42:37.410] [DEBUG] default - Workouts:{ _id: 5c8ac52d6b1ccd0b14f4a481,
  workout_name: 'MyFirstWorkout2',
  workout_created_date: 'jetzt',
  __v: 0 },{ _id: 5c8ac652f556b9069c40f7fb,
  workout_name: 'SecondWorkout',
  workout_created_date: 'a bissl später',
  __v: 0 },{ _id: 5c8ad502f556b9069c40f7fd,
  workout_name: 'next',
  workout_created_date: 'one',
  __v: 0 }
[2019-03-14T23:42:37.944] [DEBUG] default - Route for index found
[2019-03-14T23:42:37.946] [DEBUG] default - Workouts:{ _id: 5c8ac52d6b1ccd0b14f4a481,
  workout_name: 'MyFirstWorkout2',
  workout_created_date: 'jetzt',
  __v: 0 },{ _id: 5c8ac652f556b9069c40f7fb,
  workout_name: 'SecondWorkout',
  workout_created_date: 'a bissl später',
  __v: 0 },{ _id: 5c8ad502f556b9069c40f7fd,
  workout_name: 'next',
  workout_created_date: 'one',
  __v: 0 }
[2019-03-14T23:42:38.522] [DEBUG] default - Route for index found
[2019-03-14T23:42:38.524] [DEBUG] default - Workouts:{ _id: 5c8ac52d6b1ccd0b14f4a481,
  workout_name: 'MyFirstWorkout2',
  workout_created_date: 'jetzt',
  __v: 0 },{ _id: 5c8ac652f556b9069c40f7fb,
  workout_name: 'SecondWorkout',
  workout_created_date: 'a bissl später',
  __v: 0 },{ _id: 5c8ad502f556b9069c40f7fd,
  workout_name: 'next',
  workout_created_date: 'one',
  __v: 0 }
[2019-03-14T23:42:40.062] [DEBUG] default - Route for index found
[2019-03-14T23:42:40.064] [DEBUG] default - Workouts:{ _id: 5c8ac52d6b1ccd0b14f4a481,
  workout_name: 'MyFirstWorkout2',
  workout_created_date: 'jetzt',
  __v: 0 },{ _id: 5c8ac652f556b9069c40f7fb,
  workout_name: 'SecondWorkout',
  workout_created_date: 'a bissl später',
  __v: 0 },{ _id: 5c8ad502f556b9069c40f7fd,
  workout_name: 'next',
  workout_created_date: 'one',
  __v: 0 }
[2019-03-14T23:42:40.913] [DEBUG] default - Route for index found
[2019-03-14T23:42:40.915] [DEBUG] default - Workouts:{ _id: 5c8ac52d6b1ccd0b14f4a481,
  workout_name: 'MyFirstWorkout2',
  workout_created_date: 'jetzt',
  __v: 0 },{ _id: 5c8ac652f556b9069c40f7fb,
  workout_name: 'SecondWorkout',
  workout_created_date: 'a bissl später',
  __v: 0 },{ _id: 5c8ad502f556b9069c40f7fd,
  workout_name: 'next',
  workout_created_date: 'one',
  __v: 0 }
[2019-03-14T23:44:27.138] [DEBUG] default - Route for index found
[2019-03-14T23:44:27.140] [DEBUG] default - Workouts:{ _id: 5c8ac52d6b1ccd0b14f4a481,
  workout_name: 'MyFirstWorkout2',
  workout_created_date: 'jetzt',
  __v: 0 },{ _id: 5c8ac652f556b9069c40f7fb,
  workout_name: 'SecondWorkout',
  workout_created_date: 'a bissl später',
  __v: 0 },{ _id: 5c8ad502f556b9069c40f7fd,
  workout_name: 'next',
  workout_created_date: 'one',
  __v: 0 }
[2019-03-14T23:44:41.120] [DEBUG] default - Route for index found
[2019-03-14T23:44:41.122] [DEBUG] default - Workouts:{ _id: 5c8ac52d6b1ccd0b14f4a481,
  workout_name: 'MyFirstWorkout2',
  workout_created_date: 'jetzt',
  __v: 0 },{ _id: 5c8ac652f556b9069c40f7fb,
  workout_name: 'SecondWorkout',
  workout_created_date: 'a bissl später',
  __v: 0 },{ _id: 5c8ad502f556b9069c40f7fd,
  workout_name: 'next',
  workout_created_date: 'one',
  __v: 0 }
[2019-03-14T23:44:41.123] [DEBUG] default - workout Routes - Add
[2019-03-14T23:44:46.868] [DEBUG] default - Route for index found
[2019-03-14T23:44:46.870] [DEBUG] default - Workouts:{ _id: 5c8ac52d6b1ccd0b14f4a481,
  workout_name: 'MyFirstWorkout2',
  workout_created_date: 'jetzt',
  __v: 0 },{ _id: 5c8ac652f556b9069c40f7fb,
  workout_name: 'SecondWorkout',
  workout_created_date: 'a bissl später',
  __v: 0 },{ _id: 5c8ad502f556b9069c40f7fd,
  workout_name: 'next',
  workout_created_date: 'one',
  __v: 0 },{ _id: 5c8ad959f556b9069c40f7fe,
  workout_name: 'neu',
  workout_created_date: 'neu',
  __v: 0 }
[2019-03-14T23:44:49.083] [DEBUG] default - Route for index found
[2019-03-14T23:44:49.085] [DEBUG] default - Workouts:{ _id: 5c8ac52d6b1ccd0b14f4a481,
  workout_name: 'MyFirstWorkout2',
  workout_created_date: 'jetzt',
  __v: 0 },{ _id: 5c8ac652f556b9069c40f7fb,
  workout_name: 'SecondWorkout',
  workout_created_date: 'a bissl später',
  __v: 0 },{ _id: 5c8ad502f556b9069c40f7fd,
  workout_name: 'next',
  workout_created_date: 'one',
  __v: 0 },{ _id: 5c8ad959f556b9069c40f7fe,
  workout_name: 'neu',
  workout_created_date: 'neu',
  __v: 0 }
[2019-03-14T23:44:54.875] [DEBUG] default - Route for index found
[2019-03-14T23:44:54.877] [DEBUG] default - Workouts:{ _id: 5c8ac52d6b1ccd0b14f4a481,
  workout_name: 'MyFirstWorkout2',
  workout_created_date: 'jetzt',
  __v: 0 },{ _id: 5c8ac652f556b9069c40f7fb,
  workout_name: 'SecondWorkout',
  workout_created_date: 'a bissl später',
  __v: 0 },{ _id: 5c8ad502f556b9069c40f7fd,
  workout_name: 'next',
  workout_created_date: 'one',
  __v: 0 },{ _id: 5c8ad959f556b9069c40f7fe,
  workout_name: 'neu',
  workout_created_date: 'neu',
  __v: 0 }
[2019-03-14T23:44:54.878] [DEBUG] default - workout Routes - Add
[2019-03-14T23:45:00.081] [DEBUG] default - Route for index found
[2019-03-14T23:45:00.083] [DEBUG] default - Workouts:{ _id: 5c8ac52d6b1ccd0b14f4a481,
  workout_name: 'MyFirstWorkout2',
  workout_created_date: 'jetzt',
  __v: 0 },{ _id: 5c8ac652f556b9069c40f7fb,
  workout_name: 'SecondWorkout',
  workout_created_date: 'a bissl später',
  __v: 0 },{ _id: 5c8ad502f556b9069c40f7fd,
  workout_name: 'next',
  workout_created_date: 'one',
  __v: 0 },{ _id: 5c8ad959f556b9069c40f7fe,
  workout_name: 'neu',
  workout_created_date: 'neu',
  __v: 0 },{ _id: 5c8ad966f556b9069c40f7ff,
  workout_name: 'ffff',
  workout_created_date: 'ffff',
  __v: 0 }
[2019-03-14T23:45:02.950] [DEBUG] default - Route for delete workout found - id: 5c8ad959f556b9069c40f7fe
[2019-03-14T23:45:02.956] [DEBUG] default - Route for index found
[2019-03-14T23:45:02.958] [DEBUG] default - Workouts:{ _id: 5c8ac52d6b1ccd0b14f4a481,
  workout_name: 'MyFirstWorkout2',
  workout_created_date: 'jetzt',
  __v: 0 },{ _id: 5c8ac652f556b9069c40f7fb,
  workout_name: 'SecondWorkout',
  workout_created_date: 'a bissl später',
  __v: 0 },{ _id: 5c8ad502f556b9069c40f7fd,
  workout_name: 'next',
  workout_created_date: 'one',
  __v: 0 },{ _id: 5c8ad966f556b9069c40f7ff,
  workout_name: 'ffff',
  workout_created_date: 'ffff',
  __v: 0 }
[2019-03-14T23:45:03.670] [DEBUG] default - Route for delete workout found - id: 5c8ad966f556b9069c40f7ff
[2019-03-14T23:45:03.675] [DEBUG] default - Route for index found
[2019-03-14T23:45:03.676] [DEBUG] default - Workouts:{ _id: 5c8ac52d6b1ccd0b14f4a481,
  workout_name: 'MyFirstWorkout2',
  workout_created_date: 'jetzt',
  __v: 0 },{ _id: 5c8ac652f556b9069c40f7fb,
  workout_name: 'SecondWorkout',
  workout_created_date: 'a bissl später',
  __v: 0 },{ _id: 5c8ad502f556b9069c40f7fd,
  workout_name: 'next',
  workout_created_date: 'one',
  __v: 0 }
[2019-03-14T23:45:05.964] [DEBUG] default - Route for index found
[2019-03-14T23:45:05.965] [DEBUG] default - Workouts:{ _id: 5c8ac52d6b1ccd0b14f4a481,
  workout_name: 'MyFirstWorkout2',
  workout_created_date: 'jetzt',
  __v: 0 },{ _id: 5c8ac652f556b9069c40f7fb,
  workout_name: 'SecondWorkout',
  workout_created_date: 'a bissl später',
  __v: 0 },{ _id: 5c8ad502f556b9069c40f7fd,
  workout_name: 'next',
  workout_created_date: 'one',
  __v: 0 }
[2019-03-14T23:45:09.188] [DEBUG] default - Route for index found
[2019-03-14T23:45:09.189] [DEBUG] default - Workouts:{ _id: 5c8ac52d6b1ccd0b14f4a481,
  workout_name: 'MyFirstWorkout2',
  workout_created_date: 'jetzt',
  __v: 0 },{ _id: 5c8ac652f556b9069c40f7fb,
  workout_name: 'SecondWorkout',
  workout_created_date: 'a bissl später',
  __v: 0 },{ _id: 5c8ad502f556b9069c40f7fd,
  workout_name: 'next',
  workout_created_date: 'one',
  __v: 0 }
[2019-03-14T23:45:13.226] [DEBUG] default - Route for index found
[2019-03-14T23:45:13.228] [DEBUG] default - Workouts:{ _id: 5c8ac52d6b1ccd0b14f4a481,
  workout_name: 'MyFirstWorkout2',
  workout_created_date: 'jetzt',
  __v: 0 },{ _id: 5c8ac652f556b9069c40f7fb,
  workout_name: 'SecondWorkout',
  workout_created_date: 'a bissl später',
  __v: 0 },{ _id: 5c8ad502f556b9069c40f7fd,
  workout_name: 'next',
  workout_created_date: 'one',
  __v: 0 }
[2019-03-14T23:45:19.695] [DEBUG] default - Route for index found
[2019-03-14T23:45:19.698] [DEBUG] default - Workouts:{ _id: 5c8ac52d6b1ccd0b14f4a481,
  workout_name: 'MyFirstWorkout23',
  workout_created_date: 'jetzt',
  __v: 0 },{ _id: 5c8ac652f556b9069c40f7fb,
  workout_name: 'SecondWorkout',
  workout_created_date: 'a bissl später',
  __v: 0 },{ _id: 5c8ad502f556b9069c40f7fd,
  workout_name: 'next',
  workout_created_date: 'one',
  __v: 0 }
[2019-03-14T23:47:37.537] [DEBUG] default - Route for index found
[2019-03-14T23:47:37.539] [DEBUG] default - Workouts:{ _id: 5c8ac52d6b1ccd0b14f4a481,
  workout_name: 'MyFirstWorkout23',
  workout_created_date: 'jetzt',
  __v: 0 },{ _id: 5c8ac652f556b9069c40f7fb,
  workout_name: 'SecondWorkout',
  workout_created_date: 'a bissl später',
  __v: 0 },{ _id: 5c8ad502f556b9069c40f7fd,
  workout_name: 'next',
  workout_created_date: 'one',
  __v: 0 }
[2019-03-14T23:47:49.772] [DEBUG] default - Route for index found
[2019-03-14T23:47:49.774] [DEBUG] default - Workouts:{ _id: 5c8ac52d6b1ccd0b14f4a481,
  workout_name: 'MyFirstWorkout23',
  workout_created_date: 'jetzt',
  __v: 0 },{ _id: 5c8ac652f556b9069c40f7fb,
  workout_name: 'SecondWorkout',
  workout_created_date: 'a bissl später',
  __v: 0 },{ _id: 5c8ad502f556b9069c40f7fd,
  workout_name: 'next',
  workout_created_date: 'one',
  __v: 0 }
[2019-03-14T23:47:55.048] [DEBUG] default - workout Routes - Add
[2019-03-14T23:52:29.657] [DEBUG] default - Route for index found
[2019-03-14T23:52:29.658] [DEBUG] default - Workouts:{ _id: 5c8ac52d6b1ccd0b14f4a481,
  workout_name: 'MyFirstWorkout23',
  workout_created_date: 'jetzt',
  __v: 0 },{ _id: 5c8ac652f556b9069c40f7fb,
  workout_name: 'SecondWorkout',
  workout_created_date: 'a bissl später',
  __v: 0 },{ _id: 5c8ad502f556b9069c40f7fd,
  workout_name: 'next',
  workout_created_date: 'one',
  __v: 0 },{ _id: 5c8ada1bf556b9069c40f800,
  workout_name: 'ddd',
  workout_created_date: 'fff',
  __v: 0 }
[2019-03-14T23:52:29.659] [DEBUG] default - workout Routes - Add
[2019-03-14T23:52:49.759] [DEBUG] default - Route for index found
[2019-03-14T23:52:49.761] [DEBUG] default - Workouts:{ _id: 5c8ac52d6b1ccd0b14f4a481,
  workout_name: 'MyFirstWorkout23',
  workout_created_date: 'jetzt',
  __v: 0 },{ _id: 5c8ac652f556b9069c40f7fb,
  workout_name: 'SecondWorkout',
  workout_created_date: 'a bissl später',
  __v: 0 },{ _id: 5c8ad502f556b9069c40f7fd,
  workout_name: 'next',
  workout_created_date: 'one',
  __v: 0 },{ _id: 5c8ada1bf556b9069c40f800,
  workout_name: 'ddd',
  workout_created_date: 'fff',
  __v: 0 },{ _id: 5c8adb2df556b9069c40f801,
  workout_name: 'dfe',
  workout_created_date: 'dvx',
  __v: 0 }
[2019-03-15T20:52:41.311] [DEBUG] default - Route for index found
[2019-03-15T20:52:41.313] [DEBUG] default - Workouts:{ _id: 5c8ac52d6b1ccd0b14f4a481,
  workout_name: 'MyFirstWorkout23',
  workout_created_date: 'jetzt',
  __v: 0 },{ _id: 5c8ac652f556b9069c40f7fb,
  workout_name: 'SecondWorkout',
  workout_created_date: 'a bissl später',
  __v: 0 },{ _id: 5c8ad502f556b9069c40f7fd,
  workout_name: 'next',
  workout_created_date: 'one',
  __v: 0 },{ _id: 5c8ada1bf556b9069c40f800,
  workout_name: 'ddd',
  workout_created_date: 'fff',
  __v: 0 },{ _id: 5c8adb2df556b9069c40f801,
  workout_name: 'dfe',
  workout_created_date: 'dvx',
  __v: 0 }
[2019-03-15T20:52:49.380] [DEBUG] default - Route for index found
[2019-03-15T20:52:49.382] [DEBUG] default - Workouts:{ _id: 5c8ac52d6b1ccd0b14f4a481,
  workout_name: 'MyFirstWorkout23',
  workout_created_date: 'jetzt',
  __v: 0 },{ _id: 5c8ac652f556b9069c40f7fb,
  workout_name: 'SecondWorkout',
  workout_created_date: 'a bissl später',
  __v: 0 },{ _id: 5c8ad502f556b9069c40f7fd,
  workout_name: 'next',
  workout_created_date: 'one',
  __v: 0 },{ _id: 5c8ada1bf556b9069c40f800,
  workout_name: 'ddd',
  workout_created_date: 'fff',
  __v: 0 },{ _id: 5c8adb2df556b9069c40f801,
  workout_name: 'dfe',
  workout_created_date: 'dvx',
  __v: 0 }
[2019-03-15T20:55:35.026] [DEBUG] default - Route for index found
[2019-03-15T20:55:35.028] [DEBUG] default - Workouts:{ _id: 5c8ac52d6b1ccd0b14f4a481,
  workout_name: 'MyFirstWorkout23',
  workout_created_date: 'jetzt',
  __v: 0 },{ _id: 5c8ac652f556b9069c40f7fb,
  workout_name: 'SecondWorkout',
  workout_created_date: 'a bissl später',
  __v: 0 },{ _id: 5c8ad502f556b9069c40f7fd,
  workout_name: 'next',
  workout_created_date: 'one',
  __v: 0 },{ _id: 5c8ada1bf556b9069c40f800,
  workout_name: 'ddd',
  workout_created_date: 'fff',
  __v: 0 },{ _id: 5c8adb2df556b9069c40f801,
  workout_name: 'dfe',
  workout_created_date: 'dvx',
  __v: 0 }
[2019-03-15T20:57:40.724] [DEBUG] default - Route for index found
[2019-03-15T20:57:40.725] [DEBUG] default - Workouts:{ _id: 5c8ac52d6b1ccd0b14f4a481,
  workout_name: 'MyFirstWorkout23',
  workout_created_date: 'jetzt',
  __v: 0 },{ _id: 5c8ac652f556b9069c40f7fb,
  workout_name: 'SecondWorkout',
  workout_created_date: 'a bissl später',
  __v: 0 },{ _id: 5c8ad502f556b9069c40f7fd,
  workout_name: 'next',
  workout_created_date: 'one',
  __v: 0 },{ _id: 5c8ada1bf556b9069c40f800,
  workout_name: 'ddd',
  workout_created_date: 'fff',
  __v: 0 },{ _id: 5c8adb2df556b9069c40f801,
  workout_name: 'dfe',
  workout_created_date: 'dvx',
  __v: 0 }
[2019-03-15T20:59:30.007] [DEBUG] default - Route for index found
[2019-03-15T20:59:30.009] [DEBUG] default - Workouts:{ _id: 5c8ac52d6b1ccd0b14f4a481,
  workout_name: 'MyFirstWorkout23',
  workout_created_date: 'jetzt',
  __v: 0 },{ _id: 5c8ac652f556b9069c40f7fb,
  workout_name: 'SecondWorkout',
  workout_created_date: 'a bissl später',
  __v: 0 },{ _id: 5c8ad502f556b9069c40f7fd,
  workout_name: 'next',
  workout_created_date: 'one',
  __v: 0 },{ _id: 5c8ada1bf556b9069c40f800,
  workout_name: 'ddd',
  workout_created_date: 'fff',
  __v: 0 },{ _id: 5c8adb2df556b9069c40f801,
  workout_name: 'dfe',
  workout_created_date: 'dvx',
  __v: 0 }
[2019-03-15T20:59:39.888] [DEBUG] default - Route for index found
[2019-03-15T20:59:39.890] [DEBUG] default - Workouts:{ _id: 5c8ac52d6b1ccd0b14f4a481,
  workout_name: 'MyFirstWorkout23',
  workout_created_date: 'jetzt',
  __v: 0 },{ _id: 5c8ac652f556b9069c40f7fb,
  workout_name: 'SecondWorkout',
  workout_created_date: 'a bissl später',
  __v: 0 },{ _id: 5c8ad502f556b9069c40f7fd,
  workout_name: 'next',
  workout_created_date: 'one',
  __v: 0 },{ _id: 5c8ada1bf556b9069c40f800,
  workout_name: 'ddd',
  workout_created_date: 'fff',
  __v: 0 },{ _id: 5c8adb2df556b9069c40f801,
  workout_name: 'dfe',
  workout_created_date: 'dvx',
  __v: 0 }
[2019-03-15T21:01:23.746] [DEBUG] default - Route for index found
[2019-03-15T21:01:23.747] [DEBUG] default - Workouts:{ _id: 5c8ac52d6b1ccd0b14f4a481,
  workout_name: 'MyFirstWorkout23',
  workout_created_date: 'jetzt',
  __v: 0 },{ _id: 5c8ac652f556b9069c40f7fb,
  workout_name: 'SecondWorkout',
  workout_created_date: 'a bissl später',
  __v: 0 },{ _id: 5c8ad502f556b9069c40f7fd,
  workout_name: 'next',
  workout_created_date: 'one',
  __v: 0 },{ _id: 5c8ada1bf556b9069c40f800,
  workout_name: 'ddd',
  workout_created_date: 'fff',
  __v: 0 },{ _id: 5c8adb2df556b9069c40f801,
  workout_name: 'dfe',
  workout_created_date: 'dvx',
  __v: 0 }
[2019-03-15T21:01:25.189] [DEBUG] default - Route for index found
[2019-03-15T21:01:25.192] [DEBUG] default - Workouts:{ _id: 5c8ac52d6b1ccd0b14f4a481,
  workout_name: 'MyFirstWorkout23',
  workout_created_date: 'jetzt',
  __v: 0 },{ _id: 5c8ac652f556b9069c40f7fb,
  workout_name: 'SecondWorkout',
  workout_created_date: 'a bissl später',
  __v: 0 },{ _id: 5c8ad502f556b9069c40f7fd,
  workout_name: 'next',
  workout_created_date: 'one',
  __v: 0 },{ _id: 5c8ada1bf556b9069c40f800,
  workout_name: 'ddd',
  workout_created_date: 'fff',
  __v: 0 },{ _id: 5c8adb2df556b9069c40f801,
  workout_name: 'dfe',
  workout_created_date: 'dvx',
  __v: 0 }
[2019-03-15T21:01:35.103] [DEBUG] default - Route for index found
[2019-03-15T21:01:35.104] [DEBUG] default - Workouts:{ _id: 5c8ac52d6b1ccd0b14f4a481,
  workout_name: 'MyFirstWorkout23',
  workout_created_date: 'jetzt',
  __v: 0 },{ _id: 5c8ac652f556b9069c40f7fb,
  workout_name: 'SecondWorkout',
  workout_created_date: 'a bissl später',
  __v: 0 },{ _id: 5c8ad502f556b9069c40f7fd,
  workout_name: 'next',
  workout_created_date: 'one',
  __v: 0 },{ _id: 5c8ada1bf556b9069c40f800,
  workout_name: 'ddd',
  workout_created_date: 'fff',
  __v: 0 },{ _id: 5c8adb2df556b9069c40f801,
  workout_name: 'dfe',
  workout_created_date: 'dvx',
  __v: 0 }
[2019-03-15T21:02:13.570] [DEBUG] default - Route for index found
[2019-03-15T21:02:13.571] [DEBUG] default - Workouts:{ _id: 5c8ac52d6b1ccd0b14f4a481,
  workout_name: 'MyFirstWorkout23',
  workout_created_date: 'jetzt',
  __v: 0 },{ _id: 5c8ac652f556b9069c40f7fb,
  workout_name: 'SecondWorkout',
  workout_created_date: 'a bissl später',
  __v: 0 },{ _id: 5c8ad502f556b9069c40f7fd,
  workout_name: 'next',
  workout_created_date: 'one',
  __v: 0 },{ _id: 5c8ada1bf556b9069c40f800,
  workout_name: 'ddd',
  workout_created_date: 'fff',
  __v: 0 },{ _id: 5c8adb2df556b9069c40f801,
  workout_name: 'dfe',
  workout_created_date: 'dvx',
  __v: 0 }
[2019-03-15T21:02:51.996] [DEBUG] default - Route for index found
[2019-03-15T21:02:51.997] [DEBUG] default - Workouts:{ _id: 5c8ac52d6b1ccd0b14f4a481,
  workout_name: 'MyFirstWorkout23',
  workout_created_date: 'jetzt',
  __v: 0 },{ _id: 5c8ac652f556b9069c40f7fb,
  workout_name: 'SecondWorkout',
  workout_created_date: 'a bissl später',
  __v: 0 },{ _id: 5c8ad502f556b9069c40f7fd,
  workout_name: 'next',
  workout_created_date: 'one',
  __v: 0 },{ _id: 5c8ada1bf556b9069c40f800,
  workout_name: 'ddd',
  workout_created_date: 'fff',
  __v: 0 },{ _id: 5c8adb2df556b9069c40f801,
  workout_name: 'dfe',
  workout_created_date: 'dvx',
  __v: 0 }
[2019-03-15T21:03:25.080] [DEBUG] default - Route for index found
[2019-03-15T21:03:25.081] [DEBUG] default - Workouts:{ _id: 5c8ac52d6b1ccd0b14f4a481,
  workout_name: 'MyFirstWorkout23',
  workout_created_date: 'jetzt',
  __v: 0 },{ _id: 5c8ac652f556b9069c40f7fb,
  workout_name: 'SecondWorkout',
  workout_created_date: 'a bissl später',
  __v: 0 },{ _id: 5c8ad502f556b9069c40f7fd,
  workout_name: 'next',
  workout_created_date: 'one',
  __v: 0 },{ _id: 5c8ada1bf556b9069c40f800,
  workout_name: 'ddd',
  workout_created_date: 'fff',
  __v: 0 },{ _id: 5c8adb2df556b9069c40f801,
  workout_name: 'dfe',
  workout_created_date: 'dvx',
  __v: 0 }
[2019-03-15T21:03:39.139] [DEBUG] default - Route for index found
[2019-03-15T21:03:39.141] [DEBUG] default - Workouts:{ _id: 5c8ac52d6b1ccd0b14f4a481,
  workout_name: 'MyFirstWorkout23',
  workout_created_date: 'jetzt',
  __v: 0 },{ _id: 5c8ac652f556b9069c40f7fb,
  workout_name: 'SecondWorkout',
  workout_created_date: 'a bissl später',
  __v: 0 },{ _id: 5c8ad502f556b9069c40f7fd,
  workout_name: 'next',
  workout_created_date: 'one',
  __v: 0 },{ _id: 5c8ada1bf556b9069c40f800,
  workout_name: 'ddd',
  workout_created_date: 'fff',
  __v: 0 },{ _id: 5c8adb2df556b9069c40f801,
  workout_name: 'dfe',
  workout_created_date: 'dvx',
  __v: 0 }
[2019-03-15T21:04:20.198] [DEBUG] default - Route for index found
[2019-03-15T21:04:20.199] [DEBUG] default - Workouts:{ _id: 5c8ac52d6b1ccd0b14f4a481,
  workout_name: 'MyFirstWorkout23',
  workout_created_date: 'jetzt',
  __v: 0 },{ _id: 5c8ac652f556b9069c40f7fb,
  workout_name: 'SecondWorkout',
  workout_created_date: 'a bissl später',
  __v: 0 },{ _id: 5c8ad502f556b9069c40f7fd,
  workout_name: 'next',
  workout_created_date: 'one',
  __v: 0 },{ _id: 5c8ada1bf556b9069c40f800,
  workout_name: 'ddd',
  workout_created_date: 'fff',
  __v: 0 },{ _id: 5c8adb2df556b9069c40f801,
  workout_name: 'dfe',
  workout_created_date: 'dvx',
  __v: 0 }
[2019-03-15T21:05:08.669] [DEBUG] default - Route for index found
[2019-03-15T21:05:08.671] [DEBUG] default - Workouts:{ _id: 5c8ac52d6b1ccd0b14f4a481,
  workout_name: 'MyFirstWorkout23',
  workout_created_date: 'jetzt',
  __v: 0 },{ _id: 5c8ac652f556b9069c40f7fb,
  workout_name: 'SecondWorkout',
  workout_created_date: 'a bissl später',
  __v: 0 },{ _id: 5c8ad502f556b9069c40f7fd,
  workout_name: 'next',
  workout_created_date: 'one',
  __v: 0 },{ _id: 5c8ada1bf556b9069c40f800,
  workout_name: 'ddd',
  workout_created_date: 'fff',
  __v: 0 },{ _id: 5c8adb2df556b9069c40f801,
  workout_name: 'dfe',
  workout_created_date: 'dvx',
  __v: 0 }
[2019-03-15T21:08:44.327] [DEBUG] default - Route for index found
[2019-03-15T21:08:44.329] [DEBUG] default - Workouts:{ _id: 5c8ac52d6b1ccd0b14f4a481,
  workout_name: 'MyFirstWorkout23',
  workout_created_date: 'jetzt',
  __v: 0 },{ _id: 5c8ac652f556b9069c40f7fb,
  workout_name: 'SecondWorkout',
  workout_created_date: 'a bissl später',
  __v: 0 },{ _id: 5c8ad502f556b9069c40f7fd,
  workout_name: 'next',
  workout_created_date: 'one',
  __v: 0 },{ _id: 5c8ada1bf556b9069c40f800,
  workout_name: 'ddd',
  workout_created_date: 'fff',
  __v: 0 },{ _id: 5c8adb2df556b9069c40f801,
  workout_name: 'dfe',
  workout_created_date: 'dvx',
  __v: 0 }
[2019-03-15T21:09:39.285] [DEBUG] default - Route for index found
[2019-03-15T21:09:39.287] [DEBUG] default - Workouts:{ _id: 5c8ac52d6b1ccd0b14f4a481,
  workout_name: 'MyFirstWorkout23',
  workout_created_date: 'jetzt',
  __v: 0 },{ _id: 5c8ac652f556b9069c40f7fb,
  workout_name: 'SecondWorkout',
  workout_created_date: 'a bissl später',
  __v: 0 },{ _id: 5c8ad502f556b9069c40f7fd,
  workout_name: 'next',
  workout_created_date: 'one',
  __v: 0 },{ _id: 5c8ada1bf556b9069c40f800,
  workout_name: 'ddd',
  workout_created_date: 'fff',
  __v: 0 },{ _id: 5c8adb2df556b9069c40f801,
  workout_name: 'dfe',
  workout_created_date: 'dvx',
  __v: 0 }
[2019-03-15T21:10:42.128] [DEBUG] default - Route for index found
[2019-03-15T21:10:42.130] [DEBUG] default - Workouts:{ _id: 5c8ac52d6b1ccd0b14f4a481,
  workout_name: 'MyFirstWorkout23',
  workout_created_date: 'jetzt',
  __v: 0 },{ _id: 5c8ac652f556b9069c40f7fb,
  workout_name: 'SecondWorkout2',
  workout_created_date: 'a bissl später',
  __v: 0 },{ _id: 5c8ad502f556b9069c40f7fd,
  workout_name: 'next',
  workout_created_date: 'one',
  __v: 0 },{ _id: 5c8ada1bf556b9069c40f800,
  workout_name: 'ddd',
  workout_created_date: 'fff',
  __v: 0 },{ _id: 5c8adb2df556b9069c40f801,
  workout_name: 'dfe',
  workout_created_date: 'dvx',
  __v: 0 }
[2019-03-15T21:11:11.097] [DEBUG] default - Route for index found
[2019-03-15T21:11:11.099] [DEBUG] default - Workouts:{ _id: 5c8ac52d6b1ccd0b14f4a481,
  workout_name: 'MyFirstWorkout23',
  workout_created_date: 'jetzt',
  __v: 0 },{ _id: 5c8ac652f556b9069c40f7fb,
  workout_name: 'SecondWorkout2',
  workout_created_date: 'a bissl später',
  __v: 0 },{ _id: 5c8ad502f556b9069c40f7fd,
  workout_name: 'next',
  workout_created_date: 'one',
  __v: 0 },{ _id: 5c8ada1bf556b9069c40f800,
  workout_name: 'ddd',
  workout_created_date: 'fff',
  __v: 0 },{ _id: 5c8adb2df556b9069c40f801,
  workout_name: 'dfe',
  workout_created_date: 'dvx',
  __v: 0 }
[2019-03-15T21:11:21.317] [DEBUG] default - Route for index found
[2019-03-15T21:11:21.318] [DEBUG] default - Workouts:{ _id: 5c8ac52d6b1ccd0b14f4a481,
  workout_name: 'MyFirstWorkout23',
  workout_created_date: 'jetzt',
  __v: 0 },{ _id: 5c8ac652f556b9069c40f7fb,
  workout_name: 'SecondWorkout2',
  workout_created_date: 'a bissl später',
  __v: 0 },{ _id: 5c8ad502f556b9069c40f7fd,
  workout_name: 'next',
  workout_created_date: 'one',
  __v: 0 },{ _id: 5c8ada1bf556b9069c40f800,
  workout_name: 'ddd',
  workout_created_date: 'fff',
  __v: 0 },{ _id: 5c8adb2df556b9069c40f801,
  workout_name: 'dfe',
  workout_created_date: 'dvx',
  __v: 0 }
[2019-03-15T21:11:28.389] [DEBUG] default - Route for index found
[2019-03-15T21:11:28.391] [DEBUG] default - Workouts:{ _id: 5c8ac52d6b1ccd0b14f4a481,
  workout_name: 'MyFirstWorkout23',
  workout_created_date: 'jetzt',
  __v: 0 },{ _id: 5c8ac652f556b9069c40f7fb,
  workout_name: 'SecondWorkout2',
  workout_created_date: 'a bissl später',
  __v: 0 },{ _id: 5c8ad502f556b9069c40f7fd,
  workout_name: 'next',
  workout_created_date: 'one',
  __v: 0 },{ _id: 5c8ada1bf556b9069c40f800,
  workout_name: 'ddd',
  workout_created_date: 'fff',
  __v: 0 },{ _id: 5c8adb2df556b9069c40f801,
  workout_name: 'dfe',
  workout_created_date: 'dvx',
  __v: 0 }
[2019-03-15T21:11:52.493] [DEBUG] default - Route for index found
[2019-03-15T21:11:52.495] [DEBUG] default - Workouts:{ _id: 5c8ac52d6b1ccd0b14f4a481,
  workout_name: 'MyFirstWorkout23',
  workout_created_date: 'jetzt',
  __v: 0 },{ _id: 5c8ac652f556b9069c40f7fb,
  workout_name: 'SecondWorkout2',
  workout_created_date: 'a bissl später',
  __v: 0 },{ _id: 5c8ad502f556b9069c40f7fd,
  workout_name: 'next',
  workout_created_date: 'one',
  __v: 0 },{ _id: 5c8ada1bf556b9069c40f800,
  workout_name: 'ddd',
  workout_created_date: 'fff',
  __v: 0 },{ _id: 5c8adb2df556b9069c40f801,
  workout_name: 'dfe',
  workout_created_date: 'dvx',
  __v: 0 }
[2019-03-15T21:12:27.303] [DEBUG] default - Route for index found
[2019-03-15T21:12:27.305] [DEBUG] default - Workouts:{ _id: 5c8ac52d6b1ccd0b14f4a481,
  workout_name: 'MyFirstWorkout23',
  workout_created_date: 'jetzt',
  __v: 0 },{ _id: 5c8ac652f556b9069c40f7fb,
  workout_name: 'SecondWorkout2',
  workout_created_date: 'a bissl später',
  __v: 0 },{ _id: 5c8ad502f556b9069c40f7fd,
  workout_name: 'next',
  workout_created_date: 'one',
  __v: 0 },{ _id: 5c8ada1bf556b9069c40f800,
  workout_name: 'ddd',
  workout_created_date: 'fff',
  __v: 0 },{ _id: 5c8adb2df556b9069c40f801,
  workout_name: 'dfe',
  workout_created_date: 'dvx',
  __v: 0 }
[2019-03-15T21:12:50.159] [DEBUG] default - Route for index found
[2019-03-15T21:12:50.161] [DEBUG] default - Workouts:{ _id: 5c8ac52d6b1ccd0b14f4a481,
  workout_name: 'MyFirstWorkout23',
  workout_created_date: 'jetzt',
  __v: 0 },{ _id: 5c8ac652f556b9069c40f7fb,
  workout_name: 'SecondWorkout2',
  workout_created_date: 'a bissl später',
  __v: 0 },{ _id: 5c8ad502f556b9069c40f7fd,
  workout_name: 'next',
  workout_created_date: 'one',
  __v: 0 },{ _id: 5c8ada1bf556b9069c40f800,
  workout_name: 'ddd',
  workout_created_date: 'fff',
  __v: 0 },{ _id: 5c8adb2df556b9069c40f801,
  workout_name: 'dfe',
  workout_created_date: 'dvx',
  __v: 0 }
[2019-03-15T21:13:23.924] [DEBUG] default - Route for index found
[2019-03-15T21:13:23.925] [DEBUG] default - Workouts:{ _id: 5c8ac52d6b1ccd0b14f4a481,
  workout_name: 'MyFirstWorkout23',
  workout_created_date: 'jetzt',
  __v: 0 },{ _id: 5c8ac652f556b9069c40f7fb,
  workout_name: 'SecondWorkout2',
  workout_created_date: 'a bissl später',
  __v: 0 },{ _id: 5c8ad502f556b9069c40f7fd,
  workout_name: 'next',
  workout_created_date: 'one',
  __v: 0 },{ _id: 5c8ada1bf556b9069c40f800,
  workout_name: 'ddd',
  workout_created_date: 'fff',
  __v: 0 },{ _id: 5c8adb2df556b9069c40f801,
  workout_name: 'dfe',
  workout_created_date: 'dvx',
  __v: 0 }
[2019-03-15T21:13:34.891] [DEBUG] default - Route for index found
[2019-03-15T21:13:34.893] [DEBUG] default - Workouts:{ _id: 5c8ac52d6b1ccd0b14f4a481,
  workout_name: 'MyFirstWorkout23',
  workout_created_date: 'jetzt',
  __v: 0 },{ _id: 5c8ac652f556b9069c40f7fb,
  workout_name: 'SecondWorkout2',
  workout_created_date: 'a bissl später',
  __v: 0 },{ _id: 5c8ad502f556b9069c40f7fd,
  workout_name: 'next',
  workout_created_date: 'one',
  __v: 0 },{ _id: 5c8ada1bf556b9069c40f800,
  workout_name: 'ddd',
  workout_created_date: 'fff',
  __v: 0 },{ _id: 5c8adb2df556b9069c40f801,
  workout_name: 'dfe',
  workout_created_date: 'dvx',
  __v: 0 }
[2019-03-15T21:13:44.869] [DEBUG] default - Route for index found
[2019-03-15T21:13:44.871] [DEBUG] default - Workouts:{ _id: 5c8ac52d6b1ccd0b14f4a481,
  workout_name: 'MyFirstWorkout23',
  workout_created_date: 'jetzt',
  __v: 0 },{ _id: 5c8ac652f556b9069c40f7fb,
  workout_name: 'SecondWorkout2',
  workout_created_date: 'a bissl später',
  __v: 0 },{ _id: 5c8ad502f556b9069c40f7fd,
  workout_name: 'next',
  workout_created_date: 'one',
  __v: 0 },{ _id: 5c8ada1bf556b9069c40f800,
  workout_name: 'ddd',
  workout_created_date: 'fff',
  __v: 0 },{ _id: 5c8adb2df556b9069c40f801,
  workout_name: 'dfe',
  workout_created_date: 'dvx',
  __v: 0 }
[2019-03-15T21:14:41.481] [DEBUG] default - Route for index found
[2019-03-15T21:14:41.483] [DEBUG] default - Workouts:{ _id: 5c8ac52d6b1ccd0b14f4a481,
  workout_name: 'MyFirstWorkout23',
  workout_created_date: 'jetzt',
  __v: 0 },{ _id: 5c8ac652f556b9069c40f7fb,
  workout_name: 'SecondWorkout2',
  workout_created_date: 'a bissl später',
  __v: 0 },{ _id: 5c8ad502f556b9069c40f7fd,
  workout_name: 'next',
  workout_created_date: 'one',
  __v: 0 },{ _id: 5c8ada1bf556b9069c40f800,
  workout_name: 'ddd',
  workout_created_date: 'fff',
  __v: 0 },{ _id: 5c8adb2df556b9069c40f801,
  workout_name: 'dfe',
  workout_created_date: 'dvx',
  __v: 0 }
[2019-03-15T21:14:44.809] [DEBUG] default - Route for index found
[2019-03-15T21:14:44.811] [DEBUG] default - Workouts:{ _id: 5c8ac52d6b1ccd0b14f4a481,
  workout_name: 'MyFirstWorkout23',
  workout_created_date: 'jetzt',
  __v: 0 },{ _id: 5c8ac652f556b9069c40f7fb,
  workout_name: 'SecondWorkout2',
  workout_created_date: 'a bissl später',
  __v: 0 },{ _id: 5c8ad502f556b9069c40f7fd,
  workout_name: 'next',
  workout_created_date: 'one',
  __v: 0 },{ _id: 5c8ada1bf556b9069c40f800,
  workout_name: 'ddd',
  workout_created_date: 'fff',
  __v: 0 },{ _id: 5c8adb2df556b9069c40f801,
  workout_name: 'dfe',
  workout_created_date: 'dvx',
  __v: 0 }
[2019-03-15T21:15:03.437] [DEBUG] default - Route for index found
[2019-03-15T21:15:03.439] [DEBUG] default - Workouts:{ _id: 5c8ac52d6b1ccd0b14f4a481,
  workout_name: 'MyFirstWorkout23',
  workout_created_date: 'jetzt',
  __v: 0 },{ _id: 5c8ac652f556b9069c40f7fb,
  workout_name: 'SecondWorkout2',
  workout_created_date: 'a bissl später',
  __v: 0 },{ _id: 5c8ad502f556b9069c40f7fd,
  workout_name: 'next',
  workout_created_date: 'one',
  __v: 0 },{ _id: 5c8ada1bf556b9069c40f800,
  workout_name: 'ddd',
  workout_created_date: 'fff',
  __v: 0 },{ _id: 5c8adb2df556b9069c40f801,
  workout_name: 'dfe',
  workout_created_date: 'dvx',
  __v: 0 }
[2019-03-15T21:15:21.518] [DEBUG] default - Route for index found
[2019-03-15T21:15:21.519] [DEBUG] default - Workouts:{ _id: 5c8ac52d6b1ccd0b14f4a481,
  workout_name: 'MyFirstWorkout23',
  workout_created_date: 'jetzt',
  __v: 0 },{ _id: 5c8ac652f556b9069c40f7fb,
  workout_name: 'SecondWorkout2',
  workout_created_date: 'a bissl später',
  __v: 0 },{ _id: 5c8ad502f556b9069c40f7fd,
  workout_name: 'next',
  workout_created_date: 'one',
  __v: 0 },{ _id: 5c8ada1bf556b9069c40f800,
  workout_name: 'ddd',
  workout_created_date: 'fff',
  __v: 0 },{ _id: 5c8adb2df556b9069c40f801,
  workout_name: 'dfe',
  workout_created_date: 'dvx',
  __v: 0 }
[2019-03-15T21:15:40.785] [DEBUG] default - Route for index found
[2019-03-15T21:15:40.786] [DEBUG] default - Workouts:{ _id: 5c8ac52d6b1ccd0b14f4a481,
  workout_name: 'MyFirstWorkout23',
  workout_created_date: 'jetzt',
  __v: 0 },{ _id: 5c8ac652f556b9069c40f7fb,
  workout_name: 'SecondWorkout2',
  workout_created_date: 'a bissl später',
  __v: 0 },{ _id: 5c8ad502f556b9069c40f7fd,
  workout_name: 'next',
  workout_created_date: 'one',
  __v: 0 },{ _id: 5c8ada1bf556b9069c40f800,
  workout_name: 'ddd',
  workout_created_date: 'fff',
  __v: 0 },{ _id: 5c8adb2df556b9069c40f801,
  workout_name: 'dfe',
  workout_created_date: 'dvx',
  __v: 0 }
[2019-03-15T21:16:34.977] [DEBUG] default - Route for index found
[2019-03-15T21:16:34.979] [DEBUG] default - Workouts:{ _id: 5c8ac52d6b1ccd0b14f4a481,
  workout_name: 'MyFirstWorkout23',
  workout_created_date: 'jetzt',
  __v: 0 },{ _id: 5c8ac652f556b9069c40f7fb,
  workout_name: 'SecondWorkout3',
  workout_created_date: 'a bissl später',
  __v: 0 },{ _id: 5c8ad502f556b9069c40f7fd,
  workout_name: 'next',
  workout_created_date: 'one',
  __v: 0 },{ _id: 5c8ada1bf556b9069c40f800,
  workout_name: 'ddd',
  workout_created_date: 'fff',
  __v: 0 },{ _id: 5c8adb2df556b9069c40f801,
  workout_name: 'dfe',
  workout_created_date: 'dvx',
  __v: 0 }
[2019-03-15T21:16:38.544] [DEBUG] default - Route for index found
[2019-03-15T21:16:38.545] [DEBUG] default - Workouts:{ _id: 5c8ac52d6b1ccd0b14f4a481,
  workout_name: 'MyFirstWorkout23',
  workout_created_date: 'jetzt',
  __v: 0 },{ _id: 5c8ac652f556b9069c40f7fb,
  workout_name: 'SecondWorkout3',
  workout_created_date: 'a bissl später',
  __v: 0 },{ _id: 5c8ad502f556b9069c40f7fd,
  workout_name: 'next',
  workout_created_date: 'one',
  __v: 0 },{ _id: 5c8ada1bf556b9069c40f800,
  workout_name: 'ddd',
  workout_created_date: 'fff',
  __v: 0 },{ _id: 5c8adb2df556b9069c40f801,
  workout_name: 'dfe',
  workout_created_date: 'dvx',
  __v: 0 }
[2019-03-15T21:16:55.662] [DEBUG] default - Route for index found
[2019-03-15T21:16:55.663] [DEBUG] default - Workouts:{ _id: 5c8ac52d6b1ccd0b14f4a481,
  workout_name: 'MyFirstWorkout23',
  workout_created_date: 'jetzt',
  __v: 0 },{ _id: 5c8ac652f556b9069c40f7fb,
  workout_name: 'SecondWorkout3',
  workout_created_date: 'a bissl später',
  __v: 0 },{ _id: 5c8ad502f556b9069c40f7fd,
  workout_name: 'next',
  workout_created_date: 'one',
  __v: 0 },{ _id: 5c8ada1bf556b9069c40f800,
  workout_name: 'ddd',
  workout_created_date: 'fff',
  __v: 0 },{ _id: 5c8adb2df556b9069c40f801,
  workout_name: 'dfe',
  workout_created_date: 'dvx',
  __v: 0 }
[2019-03-15T21:17:02.976] [DEBUG] default - Route for index found
[2019-03-15T21:17:02.978] [DEBUG] default - Workouts:{ _id: 5c8ac52d6b1ccd0b14f4a481,
  workout_name: 'MyFirstWorkout23',
  workout_created_date: 'jetzt',
  __v: 0 },{ _id: 5c8ac652f556b9069c40f7fb,
  workout_name: 'SecondWorkout3',
  workout_created_date: 'a bissl später',
  __v: 0 },{ _id: 5c8ad502f556b9069c40f7fd,
  workout_name: 'next',
  workout_created_date: 'one',
  __v: 0 },{ _id: 5c8ada1bf556b9069c40f800,
  workout_name: 'ddd',
  workout_created_date: 'fff',
  __v: 0 },{ _id: 5c8adb2df556b9069c40f801,
  workout_name: 'dfe',
  workout_created_date: 'dvx',
  __v: 0 }
[2019-03-15T21:17:11.214] [DEBUG] default - Route for index found
[2019-03-15T21:17:11.215] [DEBUG] default - Workouts:{ _id: 5c8ac52d6b1ccd0b14f4a481,
  workout_name: 'MyFirstWorkout23',
  workout_created_date: 'jetzt',
  __v: 0 },{ _id: 5c8ac652f556b9069c40f7fb,
  workout_name: 'SecondWorkout3',
  workout_created_date: 'a bissl später',
  __v: 0 },{ _id: 5c8ad502f556b9069c40f7fd,
  workout_name: 'next1',
  workout_created_date: 'one',
  __v: 0 },{ _id: 5c8ada1bf556b9069c40f800,
  workout_name: 'ddd',
  workout_created_date: 'fff',
  __v: 0 },{ _id: 5c8adb2df556b9069c40f801,
  workout_name: 'dfe',
  workout_created_date: 'dvx',
  __v: 0 }
[2019-03-15T21:18:03.017] [DEBUG] default - Route for index found
[2019-03-15T21:18:03.019] [DEBUG] default - Workouts:{ _id: 5c8ac52d6b1ccd0b14f4a481,
  workout_name: 'MyFirstWorkout23',
  workout_created_date: 'jetzt',
  __v: 0 },{ _id: 5c8ac652f556b9069c40f7fb,
  workout_name: 'SecondWorkout3',
  workout_created_date: 'a bissl später',
  __v: 0 },{ _id: 5c8ad502f556b9069c40f7fd,
  workout_name: 'next1',
  workout_created_date: 'one',
  __v: 0 },{ _id: 5c8ada1bf556b9069c40f800,
  workout_name: 'ddd',
  workout_created_date: 'fff',
  __v: 0 },{ _id: 5c8adb2df556b9069c40f801,
  workout_name: 'dfe',
  workout_created_date: 'dvx',
  __v: 0 }
[2019-03-15T21:18:10.234] [DEBUG] default - Route for index found
[2019-03-15T21:18:10.235] [DEBUG] default - Workouts:{ _id: 5c8ac52d6b1ccd0b14f4a481,
  workout_name: 'MyFirstWorkout23',
  workout_created_date: 'jetzt',
  __v: 0 },{ _id: 5c8ac652f556b9069c40f7fb,
  workout_name: 'SecondWorkout3',
  workout_created_date: 'a bissl später',
  __v: 0 },{ _id: 5c8ad502f556b9069c40f7fd,
  workout_name: 'next1',
  workout_created_date: 'one',
  __v: 0 },{ _id: 5c8ada1bf556b9069c40f800,
  workout_name: 'ddd',
  workout_created_date: 'fff',
  __v: 0 },{ _id: 5c8adb2df556b9069c40f801,
  workout_name: 'dfe',
  workout_created_date: 'dvx',
  __v: 0 }
[2019-03-15T21:18:19.298] [DEBUG] default - Route for index found
[2019-03-15T21:18:19.300] [DEBUG] default - Workouts:{ _id: 5c8ac52d6b1ccd0b14f4a481,
  workout_name: 'MyFirstWorkout23',
  workout_created_date: 'jetzt',
  __v: 0 },{ _id: 5c8ac652f556b9069c40f7fb,
  workout_name: 'SecondWorkout3',
  workout_created_date: 'a bissl später',
  __v: 0 },{ _id: 5c8ad502f556b9069c40f7fd,
  workout_name: 'next',
  workout_created_date: 'one',
  __v: 0 },{ _id: 5c8ada1bf556b9069c40f800,
  workout_name: 'ddd',
  workout_created_date: 'fff',
  __v: 0 },{ _id: 5c8adb2df556b9069c40f801,
  workout_name: 'dfe',
  workout_created_date: 'dvx',
  __v: 0 }
[2019-03-15T21:18:23.660] [DEBUG] default - Route for index found
[2019-03-15T21:18:23.661] [DEBUG] default - Workouts:{ _id: 5c8ac52d6b1ccd0b14f4a481,
  workout_name: 'MyFirstWorkout23',
  workout_created_date: 'jetzt',
  __v: 0 },{ _id: 5c8ac652f556b9069c40f7fb,
  workout_name: 'SecondWorkout3',
  workout_created_date: 'a bissl später',
  __v: 0 },{ _id: 5c8ad502f556b9069c40f7fd,
  workout_name: 'next2',
  workout_created_date: 'one',
  __v: 0 },{ _id: 5c8ada1bf556b9069c40f800,
  workout_name: 'ddd',
  workout_created_date: 'fff',
  __v: 0 },{ _id: 5c8adb2df556b9069c40f801,
  workout_name: 'dfe',
  workout_created_date: 'dvx',
  __v: 0 }
[2019-03-15T21:18:27.899] [DEBUG] default - Route for index found
[2019-03-15T21:18:27.901] [DEBUG] default - Workouts:{ _id: 5c8ac52d6b1ccd0b14f4a481,
  workout_name: 'MyFirstWorkout23',
  workout_created_date: 'jetzt',
  __v: 0 },{ _id: 5c8ac652f556b9069c40f7fb,
  workout_name: 'SecondWorkout3',
  workout_created_date: 'a bissl später',
  __v: 0 },{ _id: 5c8ad502f556b9069c40f7fd,
  workout_name: 'next2',
  workout_created_date: 'one',
  __v: 0 },{ _id: 5c8ada1bf556b9069c40f800,
  workout_name: 'ddd',
  workout_created_date: 'fff',
  __v: 0 },{ _id: 5c8adb2df556b9069c40f801,
  workout_name: 'dfe',
  workout_created_date: 'dvx',
  __v: 0 }
[2019-03-15T21:18:32.844] [DEBUG] default - Route for index found
[2019-03-15T21:18:32.845] [DEBUG] default - Workouts:{ _id: 5c8ac52d6b1ccd0b14f4a481,
  workout_name: 'MyFirstWorkout23',
  workout_created_date: 'jetzt',
  __v: 0 },{ _id: 5c8ac652f556b9069c40f7fb,
  workout_name: 'SecondWorkout3',
  workout_created_date: 'a bissl später',
  __v: 0 },{ _id: 5c8ad502f556b9069c40f7fd,
  workout_name: 'next3',
  workout_created_date: 'one',
  __v: 0 },{ _id: 5c8ada1bf556b9069c40f800,
  workout_name: 'ddd',
  workout_created_date: 'fff',
  __v: 0 },{ _id: 5c8adb2df556b9069c40f801,
  workout_name: 'dfe',
  workout_created_date: 'dvx',
  __v: 0 }
[2019-03-15T21:18:37.660] [DEBUG] default - Route for index found
[2019-03-15T21:18:37.661] [DEBUG] default - Workouts:{ _id: 5c8ac52d6b1ccd0b14f4a481,
  workout_name: 'MyFirstWorkout23',
  workout_created_date: 'jetzt',
  __v: 0 },{ _id: 5c8ac652f556b9069c40f7fb,
  workout_name: 'SecondWorkout3',
  workout_created_date: 'a bissl später',
  __v: 0 },{ _id: 5c8ad502f556b9069c40f7fd,
  workout_name: 'next3',
  workout_created_date: 'one',
  __v: 0 },{ _id: 5c8ada1bf556b9069c40f800,
  workout_name: 'ddd2',
  workout_created_date: 'fff',
  __v: 0 },{ _id: 5c8adb2df556b9069c40f801,
  workout_name: 'dfe',
  workout_created_date: 'dvx',
  __v: 0 }
[2019-03-15T23:09:19.475] [DEBUG] default - Route for index found
[2019-03-15T23:09:19.476] [DEBUG] default - Workouts:{ _id: 5c8ac52d6b1ccd0b14f4a481,
  workout_name: 'MyFirstWorkout23',
  workout_created_date: 'jetzt',
  __v: 0 },{ _id: 5c8ac652f556b9069c40f7fb,
  workout_name: 'SecondWorkout3',
  workout_created_date: 'a bissl später',
  __v: 0 },{ _id: 5c8ad502f556b9069c40f7fd,
  workout_name: 'next4',
  workout_created_date: 'one',
  __v: 0 },{ _id: 5c8ada1bf556b9069c40f800,
  workout_name: 'ddd2',
  workout_created_date: 'fff',
  __v: 0 },{ _id: 5c8adb2df556b9069c40f801,
  workout_name: 'dfe',
  workout_created_date: 'dvx',
  __v: 0 }
[2019-03-15T23:09:25.507] [DEBUG] default - Route for index found
[2019-03-15T23:09:25.508] [DEBUG] default - Workouts:{ _id: 5c8ac52d6b1ccd0b14f4a481,
  workout_name: 'MyFirstWorkout',
  workout_created_date: 'jetzt',
  __v: 0 },{ _id: 5c8ac652f556b9069c40f7fb,
  workout_name: 'SecondWorkout3',
  workout_created_date: 'a bissl später',
  __v: 0 },{ _id: 5c8ad502f556b9069c40f7fd,
  workout_name: 'next4',
  workout_created_date: 'one',
  __v: 0 },{ _id: 5c8ada1bf556b9069c40f800,
  workout_name: 'ddd2',
  workout_created_date: 'fff',
  __v: 0 },{ _id: 5c8adb2df556b9069c40f801,
  workout_name: 'dfe',
  workout_created_date: 'dvx',
  __v: 0 }
[2019-03-15T23:09:35.442] [DEBUG] default - Route for index found
[2019-03-15T23:09:35.443] [DEBUG] default - Workouts:{ _id: 5c8ac52d6b1ccd0b14f4a481,
  workout_name: 'MyFirstWorkout',
  workout_created_date: 'jetzt',
  __v: 0 },{ _id: 5c8ac652f556b9069c40f7fb,
  workout_name: 'SecondWorkout',
  workout_created_date: 'a bissl später',
  __v: 0 },{ _id: 5c8ad502f556b9069c40f7fd,
  workout_name: 'next4',
  workout_created_date: 'one',
  __v: 0 },{ _id: 5c8ada1bf556b9069c40f800,
  workout_name: 'ddd2',
  workout_created_date: 'fff',
  __v: 0 },{ _id: 5c8adb2df556b9069c40f801,
  workout_name: 'dfe',
  workout_created_date: 'dvx',
  __v: 0 }
[2019-03-15T23:10:06.008] [DEBUG] default - Route for index found
[2019-03-15T23:10:06.009] [DEBUG] default - Workouts:{ _id: 5c8ac52d6b1ccd0b14f4a481,
  workout_name: 'MyFirstWorkout2',
  workout_created_date: 'jetzt',
  __v: 0 },{ _id: 5c8ac652f556b9069c40f7fb,
  workout_name: 'SecondWorkout',
  workout_created_date: 'a bissl später',
  __v: 0 },{ _id: 5c8ad502f556b9069c40f7fd,
  workout_name: 'next4',
  workout_created_date: 'one',
  __v: 0 },{ _id: 5c8ada1bf556b9069c40f800,
  workout_name: 'ddd2',
  workout_created_date: 'fff',
  __v: 0 },{ _id: 5c8adb2df556b9069c40f801,
  workout_name: 'dfe',
  workout_created_date: 'dvx',
  __v: 0 }
[2019-03-15T23:12:53.417] [DEBUG] default - Route for index found
[2019-03-15T23:12:53.418] [DEBUG] default - Workouts:{ _id: 5c8ac52d6b1ccd0b14f4a481,
  workout_name: 'MyFirstWorkout2',
  workout_created_date: 'jetzt',
  __v: 0 },{ _id: 5c8ac652f556b9069c40f7fb,
  workout_name: 'SecondWorkout',
  workout_created_date: 'a bissl später',
  __v: 0 },{ _id: 5c8ad502f556b9069c40f7fd,
  workout_name: 'next4',
  workout_created_date: 'one',
  __v: 0 },{ _id: 5c8ada1bf556b9069c40f800,
  workout_name: 'ddd',
  workout_created_date: 'fff',
  __v: 0 },{ _id: 5c8adb2df556b9069c40f801,
  workout_name: 'dfe',
  workout_created_date: 'dvx',
  __v: 0 }
[2019-03-15T23:13:11.703] [DEBUG] default - Route for index found
[2019-03-15T23:13:11.704] [DEBUG] default - Workouts:{ _id: 5c8ac52d6b1ccd0b14f4a481,
  workout_name: 'MyFirstWorkout2',
  workout_created_date: 'jetzt',
  __v: 0 },{ _id: 5c8ac652f556b9069c40f7fb,
  workout_name: 'SecondWorkout',
  workout_created_date: 'a bissl später',
  __v: 0 },{ _id: 5c8ad502f556b9069c40f7fd,
  workout_name: 'next4',
  workout_created_date: 'one',
  __v: 0 },{ _id: 5c8ada1bf556b9069c40f800,
  workout_name: 'ddd',
  workout_created_date: 'fff',
  __v: 0 },{ _id: 5c8adb2df556b9069c40f801,
  workout_name: 'dfe',
  workout_created_date: 'dvx',
  __v: 0 }
[2019-03-15T23:13:20.406] [DEBUG] default - Route for index found
[2019-03-15T23:13:20.407] [DEBUG] default - Workouts:{ _id: 5c8ac52d6b1ccd0b14f4a481,
  workout_name: 'MyFirstWorkout2',
  workout_created_date: 'jetzt',
  __v: 0 },{ _id: 5c8ac652f556b9069c40f7fb,
  workout_name: 'SecondWorkout4',
  workout_created_date: 'a bissl später',
  __v: 0 },{ _id: 5c8ad502f556b9069c40f7fd,
  workout_name: 'next4',
  workout_created_date: 'one',
  __v: 0 },{ _id: 5c8ada1bf556b9069c40f800,
  workout_name: 'ddd',
  workout_created_date: 'fff',
  __v: 0 },{ _id: 5c8adb2df556b9069c40f801,
  workout_name: 'dfe',
  workout_created_date: 'dvx',
  __v: 0 }
[2019-03-15T23:13:29.917] [DEBUG] default - Route for index found
[2019-03-15T23:13:29.918] [DEBUG] default - Workouts:{ _id: 5c8ac52d6b1ccd0b14f4a481,
  workout_name: 'MyFirstWorkout2',
  workout_created_date: 'jetzt',
  __v: 0 },{ _id: 5c8ac652f556b9069c40f7fb,
  workout_name: 'SecondWorkout4',
  workout_created_date: 'a bissl später',
  __v: 0 },{ _id: 5c8ad502f556b9069c40f7fd,
  workout_name: 'next programm',
  workout_created_date: 'one',
  __v: 0 },{ _id: 5c8ada1bf556b9069c40f800,
  workout_name: 'ddd',
  workout_created_date: 'fff',
  __v: 0 },{ _id: 5c8adb2df556b9069c40f801,
  workout_name: 'dfe',
  workout_created_date: 'dvx',
  __v: 0 }
[2019-03-15T23:13:39.119] [DEBUG] default - Route for index found
[2019-03-15T23:13:39.120] [DEBUG] default - Workouts:{ _id: 5c8ac52d6b1ccd0b14f4a481,
  workout_name: 'MyFirstWorkout2',
  workout_created_date: 'jetzt',
  __v: 0 },{ _id: 5c8ac652f556b9069c40f7fb,
  workout_name: 'SecondWorkout4',
  workout_created_date: 'a bissl später',
  __v: 0 },{ _id: 5c8ad502f556b9069c40f7fd,
  workout_name: 'next programm for me',
  workout_created_date: 'one',
  __v: 0 },{ _id: 5c8ada1bf556b9069c40f800,
  workout_name: 'ddd',
  workout_created_date: 'fff',
  __v: 0 },{ _id: 5c8adb2df556b9069c40f801,
  workout_name: 'dfe',
  workout_created_date: 'dvx',
  __v: 0 }
[2019-03-15T23:13:48.022] [DEBUG] default - Route for delete workout found - id: 5c8ad502f556b9069c40f7fd
[2019-03-15T23:13:48.027] [DEBUG] default - Route for index found
[2019-03-15T23:13:48.028] [DEBUG] default - Workouts:{ _id: 5c8ac52d6b1ccd0b14f4a481,
  workout_name: 'MyFirstWorkout2',
  workout_created_date: 'jetzt',
  __v: 0 },{ _id: 5c8ac652f556b9069c40f7fb,
  workout_name: 'SecondWorkout4',
  workout_created_date: 'a bissl später',
  __v: 0 },{ _id: 5c8ada1bf556b9069c40f800,
  workout_name: 'ddd',
  workout_created_date: 'fff',
  __v: 0 },{ _id: 5c8adb2df556b9069c40f801,
  workout_name: 'dfe',
  workout_created_date: 'dvx',
  __v: 0 }
[2019-03-15T23:14:05.460] [DEBUG] default - Route for index found
[2019-03-15T23:14:05.462] [DEBUG] default - Workouts:{ _id: 5c8ac52d6b1ccd0b14f4a481,
  workout_name: 'MyFirstWorkout2',
  workout_created_date: 'jetzt',
  __v: 0 },{ _id: 5c8ac652f556b9069c40f7fb,
  workout_name: 'SecondWorkout4',
  workout_created_date: 'a bissl später',
  __v: 0 },{ _id: 5c8ada1bf556b9069c40f800,
  workout_name: 'ddd',
  workout_created_date: 'fff',
  __v: 0 },{ _id: 5c8adb2df556b9069c40f801,
  workout_name: 'dfe',
  workout_created_date: 'dvx',
  __v: 0 }
[2019-03-15T23:14:05.462] [DEBUG] default - workout Routes - Add
[2019-03-15T23:14:10.904] [DEBUG] default - Route for index found
[2019-03-15T23:14:10.905] [DEBUG] default - Workouts:{ _id: 5c8ac52d6b1ccd0b14f4a481,
  workout_name: 'MyFirstWorkout2',
  workout_created_date: 'jetzt',
  __v: 0 },{ _id: 5c8ac652f556b9069c40f7fb,
  workout_name: 'SecondWorkout4',
  workout_created_date: 'a bissl später',
  __v: 0 },{ _id: 5c8ada1bf556b9069c40f800,
  workout_name: 'ddd',
  workout_created_date: 'fff',
  __v: 0 },{ _id: 5c8adb2df556b9069c40f801,
  workout_name: 'dfe',
  workout_created_date: 'dvx',
  __v: 0 },{ _id: 5c8c23adf556b9069c40f802,
  workout_name: 'neuerPlan',
  workout_created_date: 'jndkf',
  __v: 0 }
[2019-03-15T23:14:13.381] [DEBUG] default - Route for index found
[2019-03-15T23:14:13.383] [DEBUG] default - Workouts:{ _id: 5c8ac52d6b1ccd0b14f4a481,
  workout_name: 'MyFirstWorkout2',
  workout_created_date: 'jetzt',
  __v: 0 },{ _id: 5c8ac652f556b9069c40f7fb,
  workout_name: 'SecondWorkout4',
  workout_created_date: 'a bissl später',
  __v: 0 },{ _id: 5c8ada1bf556b9069c40f800,
  workout_name: 'ddd',
  workout_created_date: 'fff',
  __v: 0 },{ _id: 5c8adb2df556b9069c40f801,
  workout_name: 'dfe',
  workout_created_date: 'dvx',
  __v: 0 },{ _id: 5c8c23adf556b9069c40f802,
  workout_name: 'neuerPlan',
  workout_created_date: 'jndkf',
  __v: 0 }
[2019-03-15T23:14:15.502] [DEBUG] default - Route for index found
[2019-03-15T23:14:15.504] [DEBUG] default - Workouts:{ _id: 5c8ac52d6b1ccd0b14f4a481,
  workout_name: 'MyFirstWorkout2',
  workout_created_date: 'jetzt',
  __v: 0 },{ _id: 5c8ac652f556b9069c40f7fb,
  workout_name: 'SecondWorkout4',
  workout_created_date: 'a bissl später',
  __v: 0 },{ _id: 5c8ada1bf556b9069c40f800,
  workout_name: 'ddd',
  workout_created_date: 'fff',
  __v: 0 },{ _id: 5c8adb2df556b9069c40f801,
  workout_name: 'dfe',
  workout_created_date: 'dvx',
  __v: 0 },{ _id: 5c8c23adf556b9069c40f802,
  workout_name: 'neuerPlan',
  workout_created_date: 'jndkf',
  __v: 0 }
[2019-03-15T23:28:38.279] [DEBUG] default - Route for index found
[2019-03-15T23:28:38.282] [DEBUG] default - Workouts:{ _id: 5c8ac52d6b1ccd0b14f4a481,
  workout_name: 'MyFirstWorkout2',
  workout_created_date: 'jetzt',
  __v: 0 },{ _id: 5c8ac652f556b9069c40f7fb,
  workout_name: 'SecondWorkout4',
  workout_created_date: 'a bissl später',
  __v: 0 },{ _id: 5c8ada1bf556b9069c40f800,
  workout_name: 'ddd',
  workout_created_date: 'fff',
  __v: 0 },{ _id: 5c8adb2df556b9069c40f801,
  workout_name: 'dfe',
  workout_created_date: 'dvx',
  __v: 0 },{ _id: 5c8c23adf556b9069c40f802,
  workout_name: 'neuerPlan',
  workout_created_date: 'jndkf',
  __v: 0 }
[2019-03-15T23:29:23.277] [DEBUG] default - Route for index found
[2019-03-15T23:29:23.278] [DEBUG] default - Workouts:{ _id: 5c8ac52d6b1ccd0b14f4a481,
  workout_name: 'MyFirstWorkout2',
  workout_created_date: 'jetzt',
  __v: 0 },{ _id: 5c8ac652f556b9069c40f7fb,
  workout_name: 'SecondWorkout4',
  workout_created_date: 'a bissl später',
  __v: 0 },{ _id: 5c8ada1bf556b9069c40f800,
  workout_name: 'ddd',
  workout_created_date: 'fff',
  __v: 0 },{ _id: 5c8adb2df556b9069c40f801,
  workout_name: 'dfe',
  workout_created_date: 'dvx',
  __v: 0 },{ _id: 5c8c23adf556b9069c40f802,
  workout_name: 'neuerPlan',
  workout_created_date: 'jndkf',
  __v: 0 }
[2019-03-15T23:29:37.439] [DEBUG] default - Route for index found
[2019-03-15T23:29:37.441] [DEBUG] default - Workouts:{ _id: 5c8ac52d6b1ccd0b14f4a481,
  workout_name: 'MyFirstWorkout2',
  workout_created_date: 'jetzt',
  __v: 0 },{ _id: 5c8ac652f556b9069c40f7fb,
  workout_name: 'SecondWorkout4',
  workout_created_date: 'a bissl später',
  __v: 0 },{ _id: 5c8ada1bf556b9069c40f800,
  workout_name: 'ddd',
  workout_created_date: 'fff',
  __v: 0 },{ _id: 5c8adb2df556b9069c40f801,
  workout_name: 'dfe',
  workout_created_date: 'dvx',
  __v: 0 },{ _id: 5c8c23adf556b9069c40f802,
  workout_name: 'neuerPlan',
  workout_created_date: 'jndkf',
  __v: 0 }
[2019-03-15T23:31:11.903] [DEBUG] default - Route for index found
[2019-03-15T23:31:11.905] [DEBUG] default - Workouts:{ _id: 5c8ac52d6b1ccd0b14f4a481,
  workout_name: 'MyFirstWorkout2',
  workout_created_date: 'jetzt',
  __v: 0 },{ _id: 5c8ac652f556b9069c40f7fb,
  workout_name: 'SecondWorkout4',
  workout_created_date: 'a bissl später',
  __v: 0 },{ _id: 5c8ada1bf556b9069c40f800,
  workout_name: 'ddd',
  workout_created_date: 'fff',
  __v: 0 },{ _id: 5c8adb2df556b9069c40f801,
  workout_name: 'dfe',
  workout_created_date: 'dvx',
  __v: 0 },{ _id: 5c8c23adf556b9069c40f802,
  workout_name: 'neuerPlan',
  workout_created_date: 'jndkf',
  __v: 0 }
[2019-03-15T23:31:16.462] [DEBUG] default - Route for index found
[2019-03-15T23:31:16.463] [DEBUG] default - Workouts:{ _id: 5c8ac52d6b1ccd0b14f4a481,
  workout_name: 'MyFirstWorkout2',
  workout_created_date: 'jetzt',
  __v: 0 },{ _id: 5c8ac652f556b9069c40f7fb,
  workout_name: 'SecondWorkout4',
  workout_created_date: 'a bissl später',
  __v: 0 },{ _id: 5c8ada1bf556b9069c40f800,
  workout_name: 'ddd',
  workout_created_date: 'fff',
  __v: 0 },{ _id: 5c8adb2df556b9069c40f801,
  workout_name: 'dfe',
  workout_created_date: 'dvx',
  __v: 0 },{ _id: 5c8c23adf556b9069c40f802,
  workout_name: 'neuerPlan',
  workout_created_date: 'jndkf',
  __v: 0 }
[2019-03-15T23:31:40.383] [DEBUG] default - Route for index found
[2019-03-15T23:31:40.385] [DEBUG] default - Workouts:{ _id: 5c8ac52d6b1ccd0b14f4a481,
  workout_name: 'MyFirstWorkout2',
  workout_created_date: 'jetzt',
  __v: 0 },{ _id: 5c8ac652f556b9069c40f7fb,
  workout_name: 'SecondWorkout4',
  workout_created_date: 'a bissl später',
  __v: 0 },{ _id: 5c8ada1bf556b9069c40f800,
  workout_name: 'ddd',
  workout_created_date: 'fff',
  __v: 0 },{ _id: 5c8adb2df556b9069c40f801,
  workout_name: 'dfe',
  workout_created_date: 'dvx',
  __v: 0 },{ _id: 5c8c23adf556b9069c40f802,
  workout_name: 'neuerPlan',
  workout_created_date: 'jndkf',
  __v: 0 }
[2019-03-15T23:31:50.418] [DEBUG] default - Route for index found
[2019-03-15T23:31:50.419] [DEBUG] default - workout Routes - Add
[2019-03-15T23:31:50.422] [DEBUG] default - Workouts:{ _id: 5c8ac52d6b1ccd0b14f4a481,
  workout_name: 'MyFirstWorkout2',
  workout_created_date: 'jetzt',
  __v: 0 },{ _id: 5c8ac652f556b9069c40f7fb,
  workout_name: 'SecondWorkout4',
  workout_created_date: 'a bissl später',
  __v: 0 },{ _id: 5c8ada1bf556b9069c40f800,
  workout_name: 'ddd',
  workout_created_date: 'fff',
  __v: 0 },{ _id: 5c8adb2df556b9069c40f801,
  workout_name: 'dfe',
  workout_created_date: 'dvx',
  __v: 0 },{ _id: 5c8c23adf556b9069c40f802,
  workout_name: 'neuerPlan',
  workout_created_date: 'jndkf',
  __v: 0 }
[2019-03-15T23:31:50.435] [DEBUG] default - Route for index found
[2019-03-15T23:31:50.436] [DEBUG] default - Workouts:{ _id: 5c8ac52d6b1ccd0b14f4a481,
  workout_name: 'MyFirstWorkout2',
  workout_created_date: 'jetzt',
  __v: 0 },{ _id: 5c8ac652f556b9069c40f7fb,
  workout_name: 'SecondWorkout4',
  workout_created_date: 'a bissl später',
  __v: 0 },{ _id: 5c8ada1bf556b9069c40f800,
  workout_name: 'ddd',
  workout_created_date: 'fff',
  __v: 0 },{ _id: 5c8adb2df556b9069c40f801,
  workout_name: 'dfe',
  workout_created_date: 'dvx',
  __v: 0 },{ _id: 5c8c23adf556b9069c40f802,
  workout_name: 'neuerPlan',
  workout_created_date: 'jndkf',
  __v: 0 },{ _id: 5c8c27d6f556b9069c40f803,
  workout_name: 'hirschi',
  workout_created_date: 'horscho',
  __v: 0 }
[2019-03-15T23:31:56.228] [DEBUG] default - Route for index found
[2019-03-15T23:31:56.229] [DEBUG] default - Workouts:{ _id: 5c8ac52d6b1ccd0b14f4a481,
  workout_name: 'MyFirstWorkout2',
  workout_created_date: 'jetzt',
  __v: 0 },{ _id: 5c8ac652f556b9069c40f7fb,
  workout_name: 'SecondWorkout4',
  workout_created_date: 'a bissl später',
  __v: 0 },{ _id: 5c8ada1bf556b9069c40f800,
  workout_name: 'ddd',
  workout_created_date: 'fff',
  __v: 0 },{ _id: 5c8adb2df556b9069c40f801,
  workout_name: 'dfe',
  workout_created_date: 'dvx',
  __v: 0 },{ _id: 5c8c23adf556b9069c40f802,
  workout_name: 'neuerPlan',
  workout_created_date: 'nanana',
  __v: 0 },{ _id: 5c8c27d6f556b9069c40f803,
  workout_name: 'hirschi',
  workout_created_date: 'horscho',
  __v: 0 }
[2019-03-15T23:31:58.479] [DEBUG] default - Route for delete workout found - id: 5c8adb2df556b9069c40f801
[2019-03-15T23:31:58.484] [DEBUG] default - Route for index found
[2019-03-15T23:31:58.486] [DEBUG] default - Workouts:{ _id: 5c8ac52d6b1ccd0b14f4a481,
  workout_name: 'MyFirstWorkout2',
  workout_created_date: 'jetzt',
  __v: 0 },{ _id: 5c8ac652f556b9069c40f7fb,
  workout_name: 'SecondWorkout4',
  workout_created_date: 'a bissl später',
  __v: 0 },{ _id: 5c8ada1bf556b9069c40f800,
  workout_name: 'ddd',
  workout_created_date: 'fff',
  __v: 0 },{ _id: 5c8c23adf556b9069c40f802,
  workout_name: 'neuerPlan',
  workout_created_date: 'nanana',
  __v: 0 },{ _id: 5c8c27d6f556b9069c40f803,
  workout_name: 'hirschi',
  workout_created_date: 'horscho',
  __v: 0 }
[2019-03-15T23:32:01.802] [DEBUG] default - Route for index found
[2019-03-15T23:32:01.803] [DEBUG] default - Workouts:{ _id: 5c8ac52d6b1ccd0b14f4a481,
  workout_name: 'MyFirstWorkout2',
  workout_created_date: 'jetzt',
  __v: 0 },{ _id: 5c8ac652f556b9069c40f7fb,
  workout_name: 'SecondWorkout4',
  workout_created_date: 'a bissl später',
  __v: 0 },{ _id: 5c8ada1bf556b9069c40f800,
  workout_name: 'ddd',
  workout_created_date: 'fff3',
  __v: 0 },{ _id: 5c8c23adf556b9069c40f802,
  workout_name: 'neuerPlan',
  workout_created_date: 'nanana',
  __v: 0 },{ _id: 5c8c27d6f556b9069c40f803,
  workout_name: 'hirschi',
  workout_created_date: 'horscho',
  __v: 0 }
[2019-03-15T23:34:32.692] [DEBUG] default - Route for index found
[2019-03-15T23:34:32.693] [DEBUG] default - Workouts:{ _id: 5c8ac52d6b1ccd0b14f4a481,
  workout_name: 'MyFirstWorkout2',
  workout_created_date: 'jetzt',
  __v: 0 },{ _id: 5c8ac652f556b9069c40f7fb,
  workout_name: 'SecondWorkout4',
  workout_created_date: 'a bissl später',
  __v: 0 },{ _id: 5c8ada1bf556b9069c40f800,
  workout_name: 'ddd',
  workout_created_date: 'fff3',
  __v: 0 },{ _id: 5c8c23adf556b9069c40f802,
  workout_name: 'neuerPlan',
  workout_created_date: 'nanana',
  __v: 0 },{ _id: 5c8c27d6f556b9069c40f803,
  workout_name: 'hirschi',
  workout_created_date: 'horscho',
  __v: 0 }
[2019-03-15T23:34:48.859] [DEBUG] default - Route for index found
[2019-03-15T23:34:48.860] [DEBUG] default - Workouts:{ _id: 5c8ac52d6b1ccd0b14f4a481,
  workout_name: 'MyFirstWorkout2',
  workout_created_date: 'jetzt',
  __v: 0 },{ _id: 5c8ac652f556b9069c40f7fb,
  workout_name: 'SecondWorkout4',
  workout_created_date: 'a bissl später',
  __v: 0 },{ _id: 5c8ada1bf556b9069c40f800,
  workout_name: 'ddd',
  workout_created_date: 'fff3',
  __v: 0 },{ _id: 5c8c23adf556b9069c40f802,
  workout_name: 'neuerPlan',
  workout_created_date: 'nanana',
  __v: 0 },{ _id: 5c8c27d6f556b9069c40f803,
  workout_name: 'hirschi',
  workout_created_date: 'horscho',
  __v: 0 }
[2019-03-15T23:35:11.183] [DEBUG] default - Route for index found
[2019-03-15T23:35:11.184] [DEBUG] default - Workouts:{ _id: 5c8ac52d6b1ccd0b14f4a481,
  workout_name: 'MyFirstWorkout2',
  workout_created_date: 'jetzt',
  __v: 0 },{ _id: 5c8ac652f556b9069c40f7fb,
  workout_name: 'SecondWorkout4',
  workout_created_date: 'a bissl später',
  __v: 0 },{ _id: 5c8ada1bf556b9069c40f800,
  workout_name: 'ddd',
  workout_created_date: 'fff3',
  __v: 0 },{ _id: 5c8c23adf556b9069c40f802,
  workout_name: 'neuerPlan',
  workout_created_date: 'nanana',
  __v: 0 },{ _id: 5c8c27d6f556b9069c40f803,
  workout_name: 'hirschi',
  workout_created_date: 'horscho',
  __v: 0 }
[2019-03-15T23:36:18.008] [DEBUG] default - Route for index found
[2019-03-15T23:36:18.009] [DEBUG] default - Workouts:{ _id: 5c8ac52d6b1ccd0b14f4a481,
  workout_name: 'MyFirstWorkout2',
  workout_created_date: 'jetzt',
  __v: 0 },{ _id: 5c8ac652f556b9069c40f7fb,
  workout_name: 'SecondWorkout4',
  workout_created_date: 'a bissl später',
  __v: 0 },{ _id: 5c8ada1bf556b9069c40f800,
  workout_name: 'ddd',
  workout_created_date: 'fff3',
  __v: 0 },{ _id: 5c8c23adf556b9069c40f802,
  workout_name: 'neuerPlan',
  workout_created_date: 'nanana',
  __v: 0 },{ _id: 5c8c27d6f556b9069c40f803,
  workout_name: 'hirschi',
  workout_created_date: 'horscho',
  __v: 0 }
[2019-03-15T23:37:14.525] [DEBUG] default - Route for index found
[2019-03-15T23:37:14.526] [DEBUG] default - Workouts:{ _id: 5c8ac52d6b1ccd0b14f4a481,
  workout_name: 'MyFirstWorkout2',
  workout_created_date: 'jetzt',
  __v: 0 },{ _id: 5c8ac652f556b9069c40f7fb,
  workout_name: 'SecondWorkout4',
  workout_created_date: 'a bissl später',
  __v: 0 },{ _id: 5c8ada1bf556b9069c40f800,
  workout_name: 'ddd',
  workout_created_date: 'fff3',
  __v: 0 },{ _id: 5c8c23adf556b9069c40f802,
  workout_name: 'neuerPlan',
  workout_created_date: 'nanana',
  __v: 0 },{ _id: 5c8c27d6f556b9069c40f803,
  workout_name: 'hirschi',
  workout_created_date: 'horscho',
  __v: 0 }
[2019-03-15T23:37:37.354] [DEBUG] default - Route for index found
[2019-03-15T23:37:37.356] [DEBUG] default - Workouts:{ _id: 5c8ac52d6b1ccd0b14f4a481,
  workout_name: 'MyFirstWorkout2',
  workout_created_date: 'jetzt',
  __v: 0 },{ _id: 5c8ac652f556b9069c40f7fb,
  workout_name: 'SecondWorkout4',
  workout_created_date: 'a bissl später',
  __v: 0 },{ _id: 5c8ada1bf556b9069c40f800,
  workout_name: 'ddd',
  workout_created_date: 'fff3',
  __v: 0 },{ _id: 5c8c23adf556b9069c40f802,
  workout_name: 'neuerPlan',
  workout_created_date: 'nanana',
  __v: 0 },{ _id: 5c8c27d6f556b9069c40f803,
  workout_name: 'hirschi',
  workout_created_date: 'horscho',
  __v: 0 }
[2019-03-15T23:38:22.626] [DEBUG] default - Route for index found
[2019-03-15T23:38:22.627] [DEBUG] default - Workouts:{ _id: 5c8ac52d6b1ccd0b14f4a481,
  workout_name: 'MyFirstWorkout2',
  workout_created_date: 'jetzt',
  __v: 0 },{ _id: 5c8ac652f556b9069c40f7fb,
  workout_name: 'SecondWorkout4',
  workout_created_date: 'a bissl später',
  __v: 0 },{ _id: 5c8ada1bf556b9069c40f800,
  workout_name: 'ddd',
  workout_created_date: 'fff3',
  __v: 0 },{ _id: 5c8c23adf556b9069c40f802,
  workout_name: 'neuerPlan',
  workout_created_date: 'nanana',
  __v: 0 },{ _id: 5c8c27d6f556b9069c40f803,
  workout_name: 'hirschi',
  workout_created_date: 'horscho',
  __v: 0 }
[2019-03-15T23:38:26.684] [DEBUG] default - Route for index found
[2019-03-15T23:38:26.686] [DEBUG] default - Workouts:{ _id: 5c8ac52d6b1ccd0b14f4a481,
  workout_name: 'MyFirstWorkout2',
  workout_created_date: 'jetzt',
  __v: 0 },{ _id: 5c8ac652f556b9069c40f7fb,
  workout_name: 'SecondWorkout4',
  workout_created_date: 'a bissl später',
  __v: 0 },{ _id: 5c8ada1bf556b9069c40f800,
  workout_name: 'ddd',
  workout_created_date: 'fff3',
  __v: 0 },{ _id: 5c8c23adf556b9069c40f802,
  workout_name: 'neuerPlan',
  workout_created_date: 'nanana',
  __v: 0 },{ _id: 5c8c27d6f556b9069c40f803,
  workout_name: 'hirschi',
  workout_created_date: 'horscho',
  __v: 0 }
[2019-03-15T23:39:23.559] [DEBUG] default - Route for index found
[2019-03-15T23:39:23.561] [DEBUG] default - Workouts:{ _id: 5c8ac52d6b1ccd0b14f4a481,
  workout_name: 'MyFirstWorkout2',
  workout_created_date: 'jetzt',
  __v: 0 },{ _id: 5c8ac652f556b9069c40f7fb,
  workout_name: 'SecondWorkout4',
  workout_created_date: 'a bissl später',
  __v: 0 },{ _id: 5c8ada1bf556b9069c40f800,
  workout_name: 'ddd',
  workout_created_date: 'fff3',
  __v: 0 },{ _id: 5c8c23adf556b9069c40f802,
  workout_name: 'neuerPlan',
  workout_created_date: 'nanana',
  __v: 0 },{ _id: 5c8c27d6f556b9069c40f803,
  workout_name: 'hirschi',
  workout_created_date: 'horscho',
  __v: 0 }
[2019-03-15T23:39:45.310] [DEBUG] default - Route for index found
[2019-03-15T23:39:45.311] [DEBUG] default - Workouts:{ _id: 5c8ac52d6b1ccd0b14f4a481,
  workout_name: 'MyFirstWorkout2',
  workout_created_date: 'jetzt',
  __v: 0 },{ _id: 5c8ac652f556b9069c40f7fb,
  workout_name: 'SecondWorkout4',
  workout_created_date: 'a bissl später',
  __v: 0 },{ _id: 5c8ada1bf556b9069c40f800,
  workout_name: 'ddd',
  workout_created_date: 'fff3',
  __v: 0 },{ _id: 5c8c23adf556b9069c40f802,
  workout_name: 'neuerPlan',
  workout_created_date: 'nanana',
  __v: 0 },{ _id: 5c8c27d6f556b9069c40f803,
  workout_name: 'hirschi',
  workout_created_date: 'horscho',
  __v: 0 }
[2019-03-15T23:39:57.088] [DEBUG] default - Route for index found
[2019-03-15T23:39:57.089] [DEBUG] default - Workouts:{ _id: 5c8ac52d6b1ccd0b14f4a481,
  workout_name: 'MyFirstWorkout2',
  workout_created_date: 'jetzt',
  __v: 0 },{ _id: 5c8ac652f556b9069c40f7fb,
  workout_name: 'SecondWorkout4',
  workout_created_date: 'a bissl später',
  __v: 0 },{ _id: 5c8ada1bf556b9069c40f800,
  workout_name: 'ddd',
  workout_created_date: 'fff',
  __v: 0 },{ _id: 5c8c23adf556b9069c40f802,
  workout_name: 'neuerPlan',
  workout_created_date: 'nanana',
  __v: 0 },{ _id: 5c8c27d6f556b9069c40f803,
  workout_name: 'hirschi',
  workout_created_date: 'horscho',
  __v: 0 }
[2019-03-15T23:40:04.454] [DEBUG] default - Route for index found
[2019-03-15T23:40:04.455] [DEBUG] default - workout Routes - Add
[2019-03-15T23:40:04.456] [DEBUG] default - Workouts:{ _id: 5c8ac52d6b1ccd0b14f4a481,
  workout_name: 'MyFirstWorkout2',
  workout_created_date: 'jetzt',
  __v: 0 },{ _id: 5c8ac652f556b9069c40f7fb,
  workout_name: 'SecondWorkout4',
  workout_created_date: 'a bissl später',
  __v: 0 },{ _id: 5c8ada1bf556b9069c40f800,
  workout_name: 'ddd',
  workout_created_date: 'fff',
  __v: 0 },{ _id: 5c8c23adf556b9069c40f802,
  workout_name: 'neuerPlan',
  workout_created_date: 'nanana',
  __v: 0 },{ _id: 5c8c27d6f556b9069c40f803,
  workout_name: 'hirschi',
  workout_created_date: 'horscho',
  __v: 0 }
[2019-03-15T23:40:04.466] [DEBUG] default - Route for index found
[2019-03-15T23:40:04.468] [DEBUG] default - Workouts:{ _id: 5c8ac52d6b1ccd0b14f4a481,
  workout_name: 'MyFirstWorkout2',
  workout_created_date: 'jetzt',
  __v: 0 },{ _id: 5c8ac652f556b9069c40f7fb,
  workout_name: 'SecondWorkout4',
  workout_created_date: 'a bissl später',
  __v: 0 },{ _id: 5c8ada1bf556b9069c40f800,
  workout_name: 'ddd',
  workout_created_date: 'fff',
  __v: 0 },{ _id: 5c8c23adf556b9069c40f802,
  workout_name: 'neuerPlan',
  workout_created_date: 'nanana',
  __v: 0 },{ _id: 5c8c27d6f556b9069c40f803,
  workout_name: 'hirschi',
  workout_created_date: 'horscho',
  __v: 0 },{ _id: 5c8c29c4f556b9069c40f804,
  workout_name: 'batman',
  workout_created_date: 'robin',
  __v: 0 }
[2019-03-15T23:48:21.085] [DEBUG] default - Route for index found
[2019-03-15T23:48:21.086] [DEBUG] default - Workouts:{ _id: 5c8ac52d6b1ccd0b14f4a481,
  workout_name: 'MyFirstWorkout2',
  workout_created_date: 'jetzt',
  __v: 0 },{ _id: 5c8ac652f556b9069c40f7fb,
  workout_name: 'SecondWorkout4',
  workout_created_date: 'a bissl später',
  __v: 0 },{ _id: 5c8ada1bf556b9069c40f800,
  workout_name: 'ddd',
  workout_created_date: 'fff',
  __v: 0 },{ _id: 5c8c23adf556b9069c40f802,
  workout_name: 'neuerPlan',
  workout_created_date: 'nanana',
  __v: 0 },{ _id: 5c8c27d6f556b9069c40f803,
  workout_name: 'hirschi',
  workout_created_date: 'horscho',
  __v: 0 },{ _id: 5c8c29c4f556b9069c40f804,
  workout_name: 'batman',
  workout_created_date: 'robin',
  __v: 0 }
[2019-03-15T23:48:49.103] [DEBUG] default - Route for index found
[2019-03-15T23:48:49.104] [DEBUG] default - Workouts:{ _id: 5c8ac52d6b1ccd0b14f4a481,
  workout_name: 'MyFirstWorkout2',
  workout_created_date: 'jetzt',
  __v: 0 },{ _id: 5c8ac652f556b9069c40f7fb,
  workout_name: 'SecondWorkout4',
  workout_created_date: 'a bissl später',
  __v: 0 },{ _id: 5c8ada1bf556b9069c40f800,
  workout_name: 'ddd',
  workout_created_date: 'fff',
  __v: 0 },{ _id: 5c8c23adf556b9069c40f802,
  workout_name: 'neuerPlan',
  workout_created_date: 'nanana',
  __v: 0 },{ _id: 5c8c27d6f556b9069c40f803,
  workout_name: 'hirschi',
  workout_created_date: 'horscho',
  __v: 0 },{ _id: 5c8c29c4f556b9069c40f804,
  workout_name: 'batman',
  workout_created_date: 'robin',
  __v: 0 }
[2019-03-15T23:49:04.301] [DEBUG] default - Route for index found
[2019-03-15T23:49:04.303] [DEBUG] default - Workouts:{ _id: 5c8ac52d6b1ccd0b14f4a481,
  workout_name: 'MyFirstWorkout2',
  workout_created_date: 'jetzt',
  __v: 0 },{ _id: 5c8ac652f556b9069c40f7fb,
  workout_name: 'SecondWorkout4',
  workout_created_date: 'a bissl später',
  __v: 0 },{ _id: 5c8ada1bf556b9069c40f800,
  workout_name: 'ddd',
  workout_created_date: 'fff',
  __v: 0 },{ _id: 5c8c23adf556b9069c40f802,
  workout_name: 'neuerPlan',
  workout_created_date: 'nanana',
  __v: 0 },{ _id: 5c8c27d6f556b9069c40f803,
  workout_name: 'hirschi',
  workout_created_date: 'horscho',
  __v: 0 },{ _id: 5c8c29c4f556b9069c40f804,
  workout_name: 'batman',
  workout_created_date: 'robin',
  __v: 0 }
[2019-03-15T23:49:38.051] [DEBUG] default - Route for index found
[2019-03-15T23:49:38.052] [DEBUG] default - Workouts:{ _id: 5c8ac52d6b1ccd0b14f4a481,
  workout_name: 'MyFirstWorkout2',
  workout_created_date: 'jetzt',
  __v: 0 },{ _id: 5c8ac652f556b9069c40f7fb,
  workout_name: 'SecondWorkout4',
  workout_created_date: 'a bissl später',
  __v: 0 },{ _id: 5c8ada1bf556b9069c40f800,
  workout_name: 'ddd',
  workout_created_date: 'fff',
  __v: 0 },{ _id: 5c8c23adf556b9069c40f802,
  workout_name: 'neuerPlan',
  workout_created_date: 'nanana',
  __v: 0 },{ _id: 5c8c27d6f556b9069c40f803,
  workout_name: 'hirschi',
  workout_created_date: 'horscho',
  __v: 0 },{ _id: 5c8c29c4f556b9069c40f804,
  workout_name: 'batman',
  workout_created_date: 'robin',
  __v: 0 }
[2019-03-15T23:49:50.616] [DEBUG] default - Route for index found
[2019-03-15T23:49:50.618] [DEBUG] default - Workouts:{ _id: 5c8ac52d6b1ccd0b14f4a481,
  workout_name: 'MyFirstWorkout2',
  workout_created_date: 'jetzt',
  __v: 0 },{ _id: 5c8ac652f556b9069c40f7fb,
  workout_name: 'SecondWorkout4',
  workout_created_date: 'a bissl später',
  __v: 0 },{ _id: 5c8ada1bf556b9069c40f800,
  workout_name: 'ddd',
  workout_created_date: 'fff',
  __v: 0 },{ _id: 5c8c23adf556b9069c40f802,
  workout_name: 'neuerPlan',
  workout_created_date: 'nanana',
  __v: 0 },{ _id: 5c8c27d6f556b9069c40f803,
  workout_name: 'hirschi',
  workout_created_date: 'horscho',
  __v: 0 },{ _id: 5c8c29c4f556b9069c40f804,
  workout_name: 'batman',
  workout_created_date: 'robin',
  __v: 0 }
[2019-03-15T23:49:50.619] [DEBUG] default - workout Routes - Add
[2019-03-15T23:49:50.631] [DEBUG] default - Route for index found
[2019-03-15T23:49:50.634] [DEBUG] default - Workouts:{ _id: 5c8ac52d6b1ccd0b14f4a481,
  workout_name: 'MyFirstWorkout2',
  workout_created_date: 'jetzt',
  __v: 0 },{ _id: 5c8ac652f556b9069c40f7fb,
  workout_name: 'SecondWorkout4',
  workout_created_date: 'a bissl später',
  __v: 0 },{ _id: 5c8ada1bf556b9069c40f800,
  workout_name: 'ddd',
  workout_created_date: 'fff',
  __v: 0 },{ _id: 5c8c23adf556b9069c40f802,
  workout_name: 'neuerPlan',
  workout_created_date: 'nanana',
  __v: 0 },{ _id: 5c8c27d6f556b9069c40f803,
  workout_name: 'hirschi',
  workout_created_date: 'horscho',
  __v: 0 },{ _id: 5c8c29c4f556b9069c40f804,
  workout_name: 'batman',
  workout_created_date: 'robin',
  __v: 0 },{ _id: 5c8c2c0ef556b9069c40f805,
  workout_name: '',
  workout_created_date: '',
  __v: 0 }
[2019-03-15T23:49:53.121] [DEBUG] default - workout Routes - Add
[2019-03-15T23:49:53.122] [DEBUG] default - Route for index found
[2019-03-15T23:49:53.124] [DEBUG] default - Workouts:{ _id: 5c8ac52d6b1ccd0b14f4a481,
  workout_name: 'MyFirstWorkout2',
  workout_created_date: 'jetzt',
  __v: 0 },{ _id: 5c8ac652f556b9069c40f7fb,
  workout_name: 'SecondWorkout4',
  workout_created_date: 'a bissl später',
  __v: 0 },{ _id: 5c8ada1bf556b9069c40f800,
  workout_name: 'ddd',
  workout_created_date: 'fff',
  __v: 0 },{ _id: 5c8c23adf556b9069c40f802,
  workout_name: 'neuerPlan',
  workout_created_date: 'nanana',
  __v: 0 },{ _id: 5c8c27d6f556b9069c40f803,
  workout_name: 'hirschi',
  workout_created_date: 'horscho',
  __v: 0 },{ _id: 5c8c29c4f556b9069c40f804,
  workout_name: 'batman',
  workout_created_date: 'robin',
  __v: 0 },{ _id: 5c8c2c0ef556b9069c40f805,
  workout_name: '',
  workout_created_date: '',
  __v: 0 },{ _id: 5c8c2c11f556b9069c40f806,
  workout_name: '',
  workout_created_date: '',
  __v: 0 }
[2019-03-15T23:49:53.131] [DEBUG] default - Route for index found
[2019-03-15T23:49:53.132] [DEBUG] default - Workouts:{ _id: 5c8ac52d6b1ccd0b14f4a481,
  workout_name: 'MyFirstWorkout2',
  workout_created_date: 'jetzt',
  __v: 0 },{ _id: 5c8ac652f556b9069c40f7fb,
  workout_name: 'SecondWorkout4',
  workout_created_date: 'a bissl später',
  __v: 0 },{ _id: 5c8ada1bf556b9069c40f800,
  workout_name: 'ddd',
  workout_created_date: 'fff',
  __v: 0 },{ _id: 5c8c23adf556b9069c40f802,
  workout_name: 'neuerPlan',
  workout_created_date: 'nanana',
  __v: 0 },{ _id: 5c8c27d6f556b9069c40f803,
  workout_name: 'hirschi',
  workout_created_date: 'horscho',
  __v: 0 },{ _id: 5c8c29c4f556b9069c40f804,
  workout_name: 'batman',
  workout_created_date: 'robin',
  __v: 0 },{ _id: 5c8c2c0ef556b9069c40f805,
  workout_name: '',
  workout_created_date: '',
  __v: 0 },{ _id: 5c8c2c11f556b9069c40f806,
  workout_name: '',
  workout_created_date: '',
  __v: 0 }
[2019-03-15T23:49:54.604] [DEBUG] default - Route for delete workout found - id: 5c8c2c0ef556b9069c40f805
[2019-03-15T23:49:54.609] [DEBUG] default - Route for index found
[2019-03-15T23:49:54.611] [DEBUG] default - Workouts:{ _id: 5c8ac52d6b1ccd0b14f4a481,
  workout_name: 'MyFirstWorkout2',
  workout_created_date: 'jetzt',
  __v: 0 },{ _id: 5c8ac652f556b9069c40f7fb,
  workout_name: 'SecondWorkout4',
  workout_created_date: 'a bissl später',
  __v: 0 },{ _id: 5c8ada1bf556b9069c40f800,
  workout_name: 'ddd',
  workout_created_date: 'fff',
  __v: 0 },{ _id: 5c8c23adf556b9069c40f802,
  workout_name: 'neuerPlan',
  workout_created_date: 'nanana',
  __v: 0 },{ _id: 5c8c27d6f556b9069c40f803,
  workout_name: 'hirschi',
  workout_created_date: 'horscho',
  __v: 0 },{ _id: 5c8c29c4f556b9069c40f804,
  workout_name: 'batman',
  workout_created_date: 'robin',
  __v: 0 },{ _id: 5c8c2c11f556b9069c40f806,
  workout_name: '',
  workout_created_date: '',
  __v: 0 }
[2019-03-15T23:49:55.120] [DEBUG] default - Route for delete workout found - id: 5c8c2c11f556b9069c40f806
[2019-03-15T23:49:55.124] [DEBUG] default - Route for index found
[2019-03-15T23:49:55.126] [DEBUG] default - Workouts:{ _id: 5c8ac52d6b1ccd0b14f4a481,
  workout_name: 'MyFirstWorkout2',
  workout_created_date: 'jetzt',
  __v: 0 },{ _id: 5c8ac652f556b9069c40f7fb,
  workout_name: 'SecondWorkout4',
  workout_created_date: 'a bissl später',
  __v: 0 },{ _id: 5c8ada1bf556b9069c40f800,
  workout_name: 'ddd',
  workout_created_date: 'fff',
  __v: 0 },{ _id: 5c8c23adf556b9069c40f802,
  workout_name: 'neuerPlan',
  workout_created_date: 'nanana',
  __v: 0 },{ _id: 5c8c27d6f556b9069c40f803,
  workout_name: 'hirschi',
  workout_created_date: 'horscho',
  __v: 0 },{ _id: 5c8c29c4f556b9069c40f804,
  workout_name: 'batman',
  workout_created_date: 'robin',
  __v: 0 }
[2019-03-15T23:50:00.691] [DEBUG] default - Route for index found
[2019-03-15T23:50:00.693] [DEBUG] default - Workouts:{ _id: 5c8ac52d6b1ccd0b14f4a481,
  workout_name: 'MyFirstWorkout2',
  workout_created_date: 'jetzt',
  __v: 0 },{ _id: 5c8ac652f556b9069c40f7fb,
  workout_name: 'SecondWorkout4',
  workout_created_date: 'a bissl später',
  __v: 0 },{ _id: 5c8ada1bf556b9069c40f800,
  workout_name: 'ddd',
  workout_created_date: 'fff',
  __v: 0 },{ _id: 5c8c23adf556b9069c40f802,
  workout_name: 'neuerPlan',
  workout_created_date: 'nanana',
  __v: 0 },{ _id: 5c8c27d6f556b9069c40f803,
  workout_name: 'hirschi',
  workout_created_date: 'horscho',
  __v: 0 },{ _id: 5c8c29c4f556b9069c40f804,
  workout_name: 'batman',
  workout_created_date: 'robin',
  __v: 0 }
[2019-03-15T23:52:18.973] [DEBUG] default - Route for index found
[2019-03-15T23:52:18.975] [DEBUG] default - Workouts:{ _id: 5c8ac52d6b1ccd0b14f4a481,
  workout_name: 'MyFirstWorkout2',
  workout_created_date: 'jetzt',
  __v: 0 },{ _id: 5c8ac652f556b9069c40f7fb,
  workout_name: 'SecondWorkout4',
  workout_created_date: 'a bissl später',
  __v: 0 },{ _id: 5c8ada1bf556b9069c40f800,
  workout_name: 'ddd',
  workout_created_date: 'fff',
  __v: 0 },{ _id: 5c8c23adf556b9069c40f802,
  workout_name: 'neuerPlan',
  workout_created_date: 'nanana',
  __v: 0 },{ _id: 5c8c27d6f556b9069c40f803,
  workout_name: 'hirschi',
  workout_created_date: 'horscho',
  __v: 0 },{ _id: 5c8c29c4f556b9069c40f804,
  workout_name: 'batman',
  workout_created_date: 'robin',
  __v: 0 }
[2019-03-15T23:52:36.386] [DEBUG] default - Route for index found
[2019-03-15T23:52:36.387] [DEBUG] default - Workouts:{ _id: 5c8ac52d6b1ccd0b14f4a481,
  workout_name: 'MyFirstWorkout2',
  workout_created_date: 'jetzt',
  __v: 0 },{ _id: 5c8ac652f556b9069c40f7fb,
  workout_name: 'SecondWorkout4',
  workout_created_date: 'a bissl später',
  __v: 0 },{ _id: 5c8ada1bf556b9069c40f800,
  workout_name: 'ddd',
  workout_created_date: 'fff',
  __v: 0 },{ _id: 5c8c23adf556b9069c40f802,
  workout_name: 'neuerPlan',
  workout_created_date: 'nanana',
  __v: 0 },{ _id: 5c8c27d6f556b9069c40f803,
  workout_name: 'hirschi',
  workout_created_date: 'horscho',
  __v: 0 },{ _id: 5c8c29c4f556b9069c40f804,
  workout_name: 'batman',
  workout_created_date: 'robin',
  __v: 0 }
[2019-03-15T23:52:50.664] [DEBUG] default - Route for index found
[2019-03-15T23:52:50.665] [DEBUG] default - Workouts:{ _id: 5c8ac52d6b1ccd0b14f4a481,
  workout_name: 'MyFirstWorkout2',
  workout_created_date: 'jetzt',
  __v: 0 },{ _id: 5c8ac652f556b9069c40f7fb,
  workout_name: 'SecondWorkout4',
  workout_created_date: 'a bissl später',
  __v: 0 },{ _id: 5c8ada1bf556b9069c40f800,
  workout_name: 'ddd',
  workout_created_date: 'fff',
  __v: 0 },{ _id: 5c8c23adf556b9069c40f802,
  workout_name: 'neuerPlan',
  workout_created_date: 'nanana',
  __v: 0 },{ _id: 5c8c27d6f556b9069c40f803,
  workout_name: 'hirschi',
  workout_created_date: 'horscho',
  __v: 0 },{ _id: 5c8c29c4f556b9069c40f804,
  workout_name: 'batman',
  workout_created_date: 'robin',
  __v: 0 }
[2019-03-15T23:52:54.975] [DEBUG] default - Route for index found
[2019-03-15T23:52:54.977] [DEBUG] default - Workouts:{ _id: 5c8ac52d6b1ccd0b14f4a481,
  workout_name: 'MyFirstWorkout2',
  workout_created_date: 'jetzt',
  __v: 0 },{ _id: 5c8ac652f556b9069c40f7fb,
  workout_name: 'SecondWorkout4',
  workout_created_date: 'a bissl später',
  __v: 0 },{ _id: 5c8ada1bf556b9069c40f800,
  workout_name: 'ddd',
  workout_created_date: 'fff',
  __v: 0 },{ _id: 5c8c23adf556b9069c40f802,
  workout_name: 'neuerPlan',
  workout_created_date: 'nanana',
  __v: 0 },{ _id: 5c8c27d6f556b9069c40f803,
  workout_name: 'hirschi',
  workout_created_date: 'horscho',
  __v: 0 },{ _id: 5c8c29c4f556b9069c40f804,
  workout_name: 'batman',
  workout_created_date: 'robin',
  __v: 0 }
[2019-03-15T23:53:29.075] [DEBUG] default - Route for index found
[2019-03-15T23:53:29.077] [DEBUG] default - Workouts:{ _id: 5c8ac52d6b1ccd0b14f4a481,
  workout_name: 'MyFirstWorkout2',
  workout_created_date: 'jetzt',
  __v: 0 },{ _id: 5c8ac652f556b9069c40f7fb,
  workout_name: 'SecondWorkout4',
  workout_created_date: 'a bissl später',
  __v: 0 },{ _id: 5c8ada1bf556b9069c40f800,
  workout_name: 'ddd',
  workout_created_date: 'fff',
  __v: 0 },{ _id: 5c8c23adf556b9069c40f802,
  workout_name: 'neuerPlan',
  workout_created_date: 'nanana',
  __v: 0 },{ _id: 5c8c27d6f556b9069c40f803,
  workout_name: 'hirschi',
  workout_created_date: 'horscho',
  __v: 0 },{ _id: 5c8c29c4f556b9069c40f804,
  workout_name: 'batman',
  workout_created_date: 'robin',
  __v: 0 }
[2019-03-15T23:53:44.601] [DEBUG] default - Route for index found
[2019-03-15T23:53:44.602] [DEBUG] default - Workouts:{ _id: 5c8ac52d6b1ccd0b14f4a481,
  workout_name: 'MyFirstWorkout2',
  workout_created_date: 'jetzt',
  __v: 0 },{ _id: 5c8ac652f556b9069c40f7fb,
  workout_name: 'SecondWorkout4',
  workout_created_date: 'a bissl später',
  __v: 0 },{ _id: 5c8ada1bf556b9069c40f800,
  workout_name: 'ddd',
  workout_created_date: 'fff',
  __v: 0 },{ _id: 5c8c23adf556b9069c40f802,
  workout_name: 'neuerPlan',
  workout_created_date: 'nanana',
  __v: 0 },{ _id: 5c8c27d6f556b9069c40f803,
  workout_name: 'hirschi',
  workout_created_date: 'horscho',
  __v: 0 },{ _id: 5c8c29c4f556b9069c40f804,
  workout_name: 'batman',
  workout_created_date: 'robin',
  __v: 0 }
[2019-03-15T23:53:53.764] [DEBUG] default - Route for index found
[2019-03-15T23:53:53.766] [DEBUG] default - Workouts:{ _id: 5c8ac52d6b1ccd0b14f4a481,
  workout_name: 'MyFirstWorkout2',
  workout_created_date: 'jetzt',
  __v: 0 },{ _id: 5c8ac652f556b9069c40f7fb,
  workout_name: 'SecondWorkout4',
  workout_created_date: 'a bissl später',
  __v: 0 },{ _id: 5c8ada1bf556b9069c40f800,
  workout_name: 'ddd',
  workout_created_date: 'fff',
  __v: 0 },{ _id: 5c8c23adf556b9069c40f802,
  workout_name: 'neuerPlan',
  workout_created_date: 'nanana',
  __v: 0 },{ _id: 5c8c27d6f556b9069c40f803,
  workout_name: 'hirschi',
  workout_created_date: 'horscho',
  __v: 0 },{ _id: 5c8c29c4f556b9069c40f804,
  workout_name: 'batman',
  workout_created_date: 'robin',
  __v: 0 }
[2019-03-15T23:54:04.326] [DEBUG] default - Route for index found
[2019-03-15T23:54:04.328] [DEBUG] default - Workouts:{ _id: 5c8ac52d6b1ccd0b14f4a481,
  workout_name: 'MyFirstWorkout2',
  workout_created_date: 'jetzt',
  __v: 0 },{ _id: 5c8ac652f556b9069c40f7fb,
  workout_name: 'SecondWorkout4',
  workout_created_date: 'a bissl später',
  __v: 0 },{ _id: 5c8ada1bf556b9069c40f800,
  workout_name: 'ddd',
  workout_created_date: 'fff',
  __v: 0 },{ _id: 5c8c23adf556b9069c40f802,
  workout_name: 'neuerPlan',
  workout_created_date: 'nanana',
  __v: 0 },{ _id: 5c8c27d6f556b9069c40f803,
  workout_name: 'hirschi',
  workout_created_date: 'horscho',
  __v: 0 },{ _id: 5c8c29c4f556b9069c40f804,
  workout_name: 'batman',
  workout_created_date: 'robin',
  __v: 0 }
[2019-03-15T23:54:14.468] [DEBUG] default - Route for index found
[2019-03-15T23:54:14.469] [DEBUG] default - Workouts:{ _id: 5c8ac52d6b1ccd0b14f4a481,
  workout_name: 'MyFirstWorkout2',
  workout_created_date: 'jetzt',
  __v: 0 },{ _id: 5c8ac652f556b9069c40f7fb,
  workout_name: 'SecondWorkout4',
  workout_created_date: 'a bissl später',
  __v: 0 },{ _id: 5c8ada1bf556b9069c40f800,
  workout_name: 'ddd',
  workout_created_date: 'fff',
  __v: 0 },{ _id: 5c8c23adf556b9069c40f802,
  workout_name: 'neuerPlan',
  workout_created_date: 'nanana',
  __v: 0 },{ _id: 5c8c27d6f556b9069c40f803,
  workout_name: 'hirschi',
  workout_created_date: 'horscho',
  __v: 0 },{ _id: 5c8c29c4f556b9069c40f804,
  workout_name: 'batman',
  workout_created_date: 'robin',
  __v: 0 }
[2019-03-15T23:54:41.437] [DEBUG] default - Route for index found
[2019-03-15T23:54:41.438] [DEBUG] default - Workouts:{ _id: 5c8ac52d6b1ccd0b14f4a481,
  workout_name: 'MyFirstWorkout2',
  workout_created_date: 'jetzt',
  __v: 0 },{ _id: 5c8ac652f556b9069c40f7fb,
  workout_name: 'SecondWorkout4',
  workout_created_date: 'a bissl später',
  __v: 0 },{ _id: 5c8ada1bf556b9069c40f800,
  workout_name: 'ddd',
  workout_created_date: 'fff',
  __v: 0 },{ _id: 5c8c23adf556b9069c40f802,
  workout_name: 'neuerPlan1',
  workout_created_date: 'nanana',
  __v: 0 },{ _id: 5c8c27d6f556b9069c40f803,
  workout_name: 'hirschi',
  workout_created_date: 'horscho',
  __v: 0 },{ _id: 5c8c29c4f556b9069c40f804,
  workout_name: 'batman',
  workout_created_date: 'robin',
  __v: 0 }
[2019-03-15T23:54:45.280] [DEBUG] default - Route for index found
[2019-03-15T23:54:45.281] [DEBUG] default - Workouts:{ _id: 5c8ac52d6b1ccd0b14f4a481,
  workout_name: 'MyFirstWorkout2',
  workout_created_date: 'jetzt',
  __v: 0 },{ _id: 5c8ac652f556b9069c40f7fb,
  workout_name: 'SecondWorkout4',
  workout_created_date: 'a bissl später',
  __v: 0 },{ _id: 5c8ada1bf556b9069c40f800,
  workout_name: 'ddd',
  workout_created_date: 'fff',
  __v: 0 },{ _id: 5c8c23adf556b9069c40f802,
  workout_name: 'neuerPlan1',
  workout_created_date: 'nanana',
  __v: 0 },{ _id: 5c8c27d6f556b9069c40f803,
  workout_name: 'hirschi1',
  workout_created_date: 'horscho',
  __v: 0 },{ _id: 5c8c29c4f556b9069c40f804,
  workout_name: 'batman',
  workout_created_date: 'robin',
  __v: 0 }
[2019-03-15T23:54:47.626] [DEBUG] default - Route for delete workout found - id: 5c8c27d6f556b9069c40f803
[2019-03-15T23:54:47.631] [DEBUG] default - Route for index found
[2019-03-15T23:54:47.632] [DEBUG] default - Workouts:{ _id: 5c8ac52d6b1ccd0b14f4a481,
  workout_name: 'MyFirstWorkout2',
  workout_created_date: 'jetzt',
  __v: 0 },{ _id: 5c8ac652f556b9069c40f7fb,
  workout_name: 'SecondWorkout4',
  workout_created_date: 'a bissl später',
  __v: 0 },{ _id: 5c8ada1bf556b9069c40f800,
  workout_name: 'ddd',
  workout_created_date: 'fff',
  __v: 0 },{ _id: 5c8c23adf556b9069c40f802,
  workout_name: 'neuerPlan1',
  workout_created_date: 'nanana',
  __v: 0 },{ _id: 5c8c29c4f556b9069c40f804,
  workout_name: 'batman',
  workout_created_date: 'robin',
  __v: 0 }
